The target system is: Linux -  - x64
The host system is: Linux - 4.15.0-162-generic - x86_64
Compiling the C compiler identification source file "CMakeCCompilerId.c" succeeded.
Compiler: /home/marlin/groundsdk/out/groundsdk-android/x86_64/toolchain/bin/x86_64-linux-android-clang 
Build flags: -isystem/home/marlin/groundsdk/out/groundsdk-android/x86_64/staging/usr/include/x86_64-none-linux-android;-isystem/home/marlin/groundsdk/out/groundsdk-android/x86_64/staging/usr/include;-std=gnu99;-pipe;-O2;-g;-ffunction-sections;-DALCHEMY_BUILD;;-m64;-fPIC;-msse;-msse2;-mssse3;-DANDROID;-DANDROID_NDK;;-Qunused-arguments;
Id flags:  

The output was:
0


Compilation of the C compiler identification source "CMakeCCompilerId.c" produced "a.out"

The C compiler identification is Clang, found in "/home/marlin/groundsdk/out/groundsdk-android/x86_64/build/liblz4/obj/CMakeFiles/3.10.2/CompilerIdC/a.out"

Determining if the C compiler works passed with the following output:
Change Dir: /home/marlin/groundsdk/out/groundsdk-android/x86_64/build/liblz4/obj/CMakeFiles/CMakeTmp

Run Build Command:"/usr/bin/make" "cmTC_3c8ad/fast"
make[1]: Entering directory '/home/marlin/groundsdk/out/groundsdk-android/x86_64/build/liblz4/obj/CMakeFiles/CMakeTmp'
/usr/bin/make -f CMakeFiles/cmTC_3c8ad.dir/build.make CMakeFiles/cmTC_3c8ad.dir/build
make[2]: Entering directory '/home/marlin/groundsdk/out/groundsdk-android/x86_64/build/liblz4/obj/CMakeFiles/CMakeTmp'
Building C object CMakeFiles/cmTC_3c8ad.dir/testCCompiler.c.o
/home/marlin/groundsdk/out/groundsdk-android/x86_64/toolchain/bin/x86_64-linux-android-clang   -isystem/home/marlin/groundsdk/out/groundsdk-android/x86_64/staging/usr/include/x86_64-none-linux-android -isystem/home/marlin/groundsdk/out/groundsdk-android/x86_64/staging/usr/include -std=gnu99 -pipe -O2 -g -ffunction-sections -DALCHEMY_BUILD  -m64 -fPIC -msse -msse2 -mssse3 -DANDROID -DANDROID_NDK  -Qunused-arguments     -o CMakeFiles/cmTC_3c8ad.dir/testCCompiler.c.o   -c /home/marlin/groundsdk/out/groundsdk-android/x86_64/build/liblz4/obj/CMakeFiles/CMakeTmp/testCCompiler.c
Linking C executable cmTC_3c8ad
/usr/bin/cmake -E cmake_link_script CMakeFiles/cmTC_3c8ad.dir/link.txt --verbose=1
/home/marlin/groundsdk/out/groundsdk-android/x86_64/toolchain/bin/x86_64-linux-android-clang -isystem/home/marlin/groundsdk/out/groundsdk-android/x86_64/staging/usr/include/x86_64-none-linux-android -isystem/home/marlin/groundsdk/out/groundsdk-android/x86_64/staging/usr/include -std=gnu99 -pipe -O2 -g -ffunction-sections -DALCHEMY_BUILD  -m64 -fPIC -msse -msse2 -mssse3 -DANDROID -DANDROID_NDK  -Qunused-arguments     -O2  -m64 -lc++_shared -Wl,-O1  -L/home/marlin/groundsdk/out/groundsdk-android/x86_64/staging/lib/x86_64-none-linux-android -L/home/marlin/groundsdk/out/groundsdk-android/x86_64/staging/lib -L/home/marlin/groundsdk/out/groundsdk-android/x86_64/staging/usr/lib/x86_64-none-linux-android -L/home/marlin/groundsdk/out/groundsdk-android/x86_64/staging/usr/lib -Wl,-rpath-link=/home/marlin/groundsdk/out/groundsdk-android/x86_64/staging/lib/x86_64-none-linux-android -Wl,-rpath-link=/home/marlin/groundsdk/out/groundsdk-android/x86_64/staging/lib -Wl,-rpath-link=/home/marlin/groundsdk/out/groundsdk-android/x86_64/staging/usr/lib/x86_64-none-linux-android -Wl,-rpath-link=/home/marlin/groundsdk/out/groundsdk-android/x86_64/staging/usr/lib    -rdynamic CMakeFiles/cmTC_3c8ad.dir/testCCompiler.c.o  -o cmTC_3c8ad 
make[2]: Leaving directory '/home/marlin/groundsdk/out/groundsdk-android/x86_64/build/liblz4/obj/CMakeFiles/CMakeTmp'
make[1]: Leaving directory '/home/marlin/groundsdk/out/groundsdk-android/x86_64/build/liblz4/obj/CMakeFiles/CMakeTmp'


Detecting C compiler ABI info compiled with the following output:
Change Dir: /home/marlin/groundsdk/out/groundsdk-android/x86_64/build/liblz4/obj/CMakeFiles/CMakeTmp

Run Build Command:"/usr/bin/make" "cmTC_b8e52/fast"
make[1]: Entering directory '/home/marlin/groundsdk/out/groundsdk-android/x86_64/build/liblz4/obj/CMakeFiles/CMakeTmp'
/usr/bin/make -f CMakeFiles/cmTC_b8e52.dir/build.make CMakeFiles/cmTC_b8e52.dir/build
make[2]: Entering directory '/home/marlin/groundsdk/out/groundsdk-android/x86_64/build/liblz4/obj/CMakeFiles/CMakeTmp'
Building C object CMakeFiles/cmTC_b8e52.dir/CMakeCCompilerABI.c.o
/home/marlin/groundsdk/out/groundsdk-android/x86_64/toolchain/bin/x86_64-linux-android-clang   -isystem/home/marlin/groundsdk/out/groundsdk-android/x86_64/staging/usr/include/x86_64-none-linux-android -isystem/home/marlin/groundsdk/out/groundsdk-android/x86_64/staging/usr/include -std=gnu99 -pipe -O2 -g -ffunction-sections -DALCHEMY_BUILD  -m64 -fPIC -msse -msse2 -mssse3 -DANDROID -DANDROID_NDK  -Qunused-arguments     -o CMakeFiles/cmTC_b8e52.dir/CMakeCCompilerABI.c.o   -c /usr/share/cmake-3.10/Modules/CMakeCCompilerABI.c
Linking C executable cmTC_b8e52
/usr/bin/cmake -E cmake_link_script CMakeFiles/cmTC_b8e52.dir/link.txt --verbose=1
/home/marlin/groundsdk/out/groundsdk-android/x86_64/toolchain/bin/x86_64-linux-android-clang -isystem/home/marlin/groundsdk/out/groundsdk-android/x86_64/staging/usr/include/x86_64-none-linux-android -isystem/home/marlin/groundsdk/out/groundsdk-android/x86_64/staging/usr/include -std=gnu99 -pipe -O2 -g -ffunction-sections -DALCHEMY_BUILD  -m64 -fPIC -msse -msse2 -mssse3 -DANDROID -DANDROID_NDK  -Qunused-arguments     -O2  -m64 -lc++_shared -Wl,-O1  -L/home/marlin/groundsdk/out/groundsdk-android/x86_64/staging/lib/x86_64-none-linux-android -L/home/marlin/groundsdk/out/groundsdk-android/x86_64/staging/lib -L/home/marlin/groundsdk/out/groundsdk-android/x86_64/staging/usr/lib/x86_64-none-linux-android -L/home/marlin/groundsdk/out/groundsdk-android/x86_64/staging/usr/lib -Wl,-rpath-link=/home/marlin/groundsdk/out/groundsdk-android/x86_64/staging/lib/x86_64-none-linux-android -Wl,-rpath-link=/home/marlin/groundsdk/out/groundsdk-android/x86_64/staging/lib -Wl,-rpath-link=/home/marlin/groundsdk/out/groundsdk-android/x86_64/staging/usr/lib/x86_64-none-linux-android -Wl,-rpath-link=/home/marlin/groundsdk/out/groundsdk-android/x86_64/staging/usr/lib   -v -rdynamic CMakeFiles/cmTC_b8e52.dir/CMakeCCompilerABI.c.o  -o cmTC_b8e52 
Android (4691093 based on r316199) clang version 6.0.2 (https://android.googlesource.com/toolchain/clang 183abd29fc496f55536e7d904e0abae47888fc7f) (https://android.googlesource.com/toolchain/llvm 34361f192e41ed6e4e8f9aca80a4ea7e9856f327) (based on LLVM 6.0.2svn)
Target: x86_64-none-linux-android
Thread model: posix
InstalledDir: /home/marlin/groundsdk/out/groundsdk-android/x86_64/toolchain/bin
Found candidate GCC installation: /home/marlin/groundsdk/out/groundsdk-android/x86_64/toolchain/bin/../lib/gcc/x86_64-linux-android/4.9.x
Selected GCC installation: /home/marlin/groundsdk/out/groundsdk-android/x86_64/toolchain/bin/../lib/gcc/x86_64-linux-android/4.9.x
Candidate multilib: .;@m64
Candidate multilib: 32;@m32
Selected multilib: .;@m64
 "/home/marlin/groundsdk/out/groundsdk-android/x86_64/toolchain/bin/../lib/gcc/x86_64-linux-android/4.9.x/../../../../x86_64-linux-android/bin/ld" --sysroot=/home/marlin/groundsdk/out/groundsdk-android/x86_64/toolchain/bin/../sysroot -export-dynamic --eh-frame-hdr -m elf_x86_64 -export-dynamic -dynamic-linker /system/bin/linker64 -o cmTC_b8e52 /home/marlin/groundsdk/out/groundsdk-android/x86_64/toolchain/bin/../sysroot/usr/lib/../lib64/crtbegin_dynamic.o -L/home/marlin/groundsdk/out/groundsdk-android/x86_64/staging/lib/x86_64-none-linux-android -L/home/marlin/groundsdk/out/groundsdk-android/x86_64/staging/lib -L/home/marlin/groundsdk/out/groundsdk-android/x86_64/staging/usr/lib/x86_64-none-linux-android -L/home/marlin/groundsdk/out/groundsdk-android/x86_64/staging/usr/lib -L/home/marlin/groundsdk/out/groundsdk-android/x86_64/toolchain/lib64/clang/6.0.2/lib/linux/x86_64 -L/home/marlin/groundsdk/out/groundsdk-android/x86_64/toolchain/bin/../lib/gcc/x86_64-linux-android/4.9.x -L/home/marlin/groundsdk/out/groundsdk-android/x86_64/toolchain/bin/../lib/gcc/x86_64-linux-android/4.9.x/../../../../x86_64-linux-android/lib/../lib64 -L/home/marlin/groundsdk/out/groundsdk-android/x86_64/toolchain/bin/../sysroot/usr/lib/../lib64 -L/home/marlin/groundsdk/out/groundsdk-android/x86_64/toolchain/bin/../lib/gcc/x86_64-linux-android/4.9.x/../../../../x86_64-linux-android/lib -L/home/marlin/groundsdk/out/groundsdk-android/x86_64/toolchain/bin/../sysroot/usr/lib -lc++_shared -O1 -rpath-link=/home/marlin/groundsdk/out/groundsdk-android/x86_64/staging/lib/x86_64-none-linux-android -rpath-link=/home/marlin/groundsdk/out/groundsdk-android/x86_64/staging/lib -rpath-link=/home/marlin/groundsdk/out/groundsdk-android/x86_64/staging/usr/lib/x86_64-none-linux-android -rpath-link=/home/marlin/groundsdk/out/groundsdk-android/x86_64/staging/usr/lib CMakeFiles/cmTC_b8e52.dir/CMakeCCompilerABI.c.o -lgcc -ldl -lc -lgcc -ldl /home/marlin/groundsdk/out/groundsdk-android/x86_64/toolchain/bin/../sysroot/usr/lib/../lib64/crtend_android.o
make[2]: Leaving directory '/home/marlin/groundsdk/out/groundsdk-android/x86_64/build/liblz4/obj/CMakeFiles/CMakeTmp'
make[1]: Leaving directory '/home/marlin/groundsdk/out/groundsdk-android/x86_64/build/liblz4/obj/CMakeFiles/CMakeTmp'


Parsed C implicit link information from above output:
  link line regex: [^( *|.*[/\])(x86_64-linux-android-ld|CMAKE_LINK_STARTFILE-NOTFOUND|([^/\]+-)?ld|collect2)[^/\]*( |$)]
  ignore line: [Change Dir: /home/marlin/groundsdk/out/groundsdk-android/x86_64/build/liblz4/obj/CMakeFiles/CMakeTmp]
  ignore line: []
  ignore line: [Run Build Command:"/usr/bin/make" "cmTC_b8e52/fast"]
  ignore line: [make[1]: Entering directory '/home/marlin/groundsdk/out/groundsdk-android/x86_64/build/liblz4/obj/CMakeFiles/CMakeTmp']
  ignore line: [/usr/bin/make -f CMakeFiles/cmTC_b8e52.dir/build.make CMakeFiles/cmTC_b8e52.dir/build]
  ignore line: [make[2]: Entering directory '/home/marlin/groundsdk/out/groundsdk-android/x86_64/build/liblz4/obj/CMakeFiles/CMakeTmp']
  ignore line: [Building C object CMakeFiles/cmTC_b8e52.dir/CMakeCCompilerABI.c.o]
  ignore line: [/home/marlin/groundsdk/out/groundsdk-android/x86_64/toolchain/bin/x86_64-linux-android-clang   -isystem/home/marlin/groundsdk/out/groundsdk-android/x86_64/staging/usr/include/x86_64-none-linux-android -isystem/home/marlin/groundsdk/out/groundsdk-android/x86_64/staging/usr/include -std=gnu99 -pipe -O2 -g -ffunction-sections -DALCHEMY_BUILD  -m64 -fPIC -msse -msse2 -mssse3 -DANDROID -DANDROID_NDK  -Qunused-arguments     -o CMakeFiles/cmTC_b8e52.dir/CMakeCCompilerABI.c.o   -c /usr/share/cmake-3.10/Modules/CMakeCCompilerABI.c]
  ignore line: [Linking C executable cmTC_b8e52]
  ignore line: [/usr/bin/cmake -E cmake_link_script CMakeFiles/cmTC_b8e52.dir/link.txt --verbose=1]
  ignore line: [/home/marlin/groundsdk/out/groundsdk-android/x86_64/toolchain/bin/x86_64-linux-android-clang -isystem/home/marlin/groundsdk/out/groundsdk-android/x86_64/staging/usr/include/x86_64-none-linux-android -isystem/home/marlin/groundsdk/out/groundsdk-android/x86_64/staging/usr/include -std=gnu99 -pipe -O2 -g -ffunction-sections -DALCHEMY_BUILD  -m64 -fPIC -msse -msse2 -mssse3 -DANDROID -DANDROID_NDK  -Qunused-arguments     -O2  -m64 -lc++_shared -Wl,-O1  -L/home/marlin/groundsdk/out/groundsdk-android/x86_64/staging/lib/x86_64-none-linux-android -L/home/marlin/groundsdk/out/groundsdk-android/x86_64/staging/lib -L/home/marlin/groundsdk/out/groundsdk-android/x86_64/staging/usr/lib/x86_64-none-linux-android -L/home/marlin/groundsdk/out/groundsdk-android/x86_64/staging/usr/lib -Wl,-rpath-link=/home/marlin/groundsdk/out/groundsdk-android/x86_64/staging/lib/x86_64-none-linux-android -Wl,-rpath-link=/home/marlin/groundsdk/out/groundsdk-android/x86_64/staging/lib -Wl,-rpath-link=/home/marlin/groundsdk/out/groundsdk-android/x86_64/staging/usr/lib/x86_64-none-linux-android -Wl,-rpath-link=/home/marlin/groundsdk/out/groundsdk-android/x86_64/staging/usr/lib   -v -rdynamic CMakeFiles/cmTC_b8e52.dir/CMakeCCompilerABI.c.o  -o cmTC_b8e52 ]
  ignore line: [Android (4691093 based on r316199) clang version 6.0.2 (https://android.googlesource.com/toolchain/clang 183abd29fc496f55536e7d904e0abae47888fc7f) (https://android.googlesource.com/toolchain/llvm 34361f192e41ed6e4e8f9aca80a4ea7e9856f327) (based on LLVM 6.0.2svn)]
  ignore line: [Target: x86_64-none-linux-android]
  ignore line: [Thread model: posix]
  ignore line: [InstalledDir: /home/marlin/groundsdk/out/groundsdk-android/x86_64/toolchain/bin]
  ignore line: [Found candidate GCC installation: /home/marlin/groundsdk/out/groundsdk-android/x86_64/toolchain/bin/../lib/gcc/x86_64-linux-android/4.9.x]
  ignore line: [Selected GCC installation: /home/marlin/groundsdk/out/groundsdk-android/x86_64/toolchain/bin/../lib/gcc/x86_64-linux-android/4.9.x]
  ignore line: [Candidate multilib: .]
  ignore line: [@m64]
  ignore line: [Candidate multilib: 32]
  ignore line: [@m32]
  ignore line: [Selected multilib: .]
  ignore line: [@m64]
  link line: [ "/home/marlin/groundsdk/out/groundsdk-android/x86_64/toolchain/bin/../lib/gcc/x86_64-linux-android/4.9.x/../../../../x86_64-linux-android/bin/ld" --sysroot=/home/marlin/groundsdk/out/groundsdk-android/x86_64/toolchain/bin/../sysroot -export-dynamic --eh-frame-hdr -m elf_x86_64 -export-dynamic -dynamic-linker /system/bin/linker64 -o cmTC_b8e52 /home/marlin/groundsdk/out/groundsdk-android/x86_64/toolchain/bin/../sysroot/usr/lib/../lib64/crtbegin_dynamic.o -L/home/marlin/groundsdk/out/groundsdk-android/x86_64/staging/lib/x86_64-none-linux-android -L/home/marlin/groundsdk/out/groundsdk-android/x86_64/staging/lib -L/home/marlin/groundsdk/out/groundsdk-android/x86_64/staging/usr/lib/x86_64-none-linux-android -L/home/marlin/groundsdk/out/groundsdk-android/x86_64/staging/usr/lib -L/home/marlin/groundsdk/out/groundsdk-android/x86_64/toolchain/lib64/clang/6.0.2/lib/linux/x86_64 -L/home/marlin/groundsdk/out/groundsdk-android/x86_64/toolchain/bin/../lib/gcc/x86_64-linux-android/4.9.x -L/home/marlin/groundsdk/out/groundsdk-android/x86_64/toolchain/bin/../lib/gcc/x86_64-linux-android/4.9.x/../../../../x86_64-linux-android/lib/../lib64 -L/home/marlin/groundsdk/out/groundsdk-android/x86_64/toolchain/bin/../sysroot/usr/lib/../lib64 -L/home/marlin/groundsdk/out/groundsdk-android/x86_64/toolchain/bin/../lib/gcc/x86_64-linux-android/4.9.x/../../../../x86_64-linux-android/lib -L/home/marlin/groundsdk/out/groundsdk-android/x86_64/toolchain/bin/../sysroot/usr/lib -lc++_shared -O1 -rpath-link=/home/marlin/groundsdk/out/groundsdk-android/x86_64/staging/lib/x86_64-none-linux-android -rpath-link=/home/marlin/groundsdk/out/groundsdk-android/x86_64/staging/lib -rpath-link=/home/marlin/groundsdk/out/groundsdk-android/x86_64/staging/usr/lib/x86_64-none-linux-android -rpath-link=/home/marlin/groundsdk/out/groundsdk-android/x86_64/staging/usr/lib CMakeFiles/cmTC_b8e52.dir/CMakeCCompilerABI.c.o -lgcc -ldl -lc -lgcc -ldl /home/marlin/groundsdk/out/groundsdk-android/x86_64/toolchain/bin/../sysroot/usr/lib/../lib64/crtend_android.o]
    arg [/home/marlin/groundsdk/out/groundsdk-android/x86_64/toolchain/bin/../lib/gcc/x86_64-linux-android/4.9.x/../../../../x86_64-linux-android/bin/ld] ==> ignore
    arg [--sysroot=/home/marlin/groundsdk/out/groundsdk-android/x86_64/toolchain/bin/../sysroot] ==> ignore
    arg [-export-dynamic] ==> ignore
    arg [--eh-frame-hdr] ==> ignore
    arg [-m] ==> ignore
    arg [elf_x86_64] ==> ignore
    arg [-export-dynamic] ==> ignore
    arg [-dynamic-linker] ==> ignore
    arg [/system/bin/linker64] ==> ignore
    arg [-o] ==> ignore
    arg [cmTC_b8e52] ==> ignore
    arg [/home/marlin/groundsdk/out/groundsdk-android/x86_64/toolchain/bin/../sysroot/usr/lib/../lib64/crtbegin_dynamic.o] ==> ignore
    arg [-L/home/marlin/groundsdk/out/groundsdk-android/x86_64/staging/lib/x86_64-none-linux-android] ==> dir [/home/marlin/groundsdk/out/groundsdk-android/x86_64/staging/lib/x86_64-none-linux-android]
    arg [-L/home/marlin/groundsdk/out/groundsdk-android/x86_64/staging/lib] ==> dir [/home/marlin/groundsdk/out/groundsdk-android/x86_64/staging/lib]
    arg [-L/home/marlin/groundsdk/out/groundsdk-android/x86_64/staging/usr/lib/x86_64-none-linux-android] ==> dir [/home/marlin/groundsdk/out/groundsdk-android/x86_64/staging/usr/lib/x86_64-none-linux-android]
    arg [-L/home/marlin/groundsdk/out/groundsdk-android/x86_64/staging/usr/lib] ==> dir [/home/marlin/groundsdk/out/groundsdk-android/x86_64/staging/usr/lib]
    arg [-L/home/marlin/groundsdk/out/groundsdk-android/x86_64/toolchain/lib64/clang/6.0.2/lib/linux/x86_64] ==> dir [/home/marlin/groundsdk/out/groundsdk-android/x86_64/toolchain/lib64/clang/6.0.2/lib/linux/x86_64]
    arg [-L/home/marlin/groundsdk/out/groundsdk-android/x86_64/toolchain/bin/../lib/gcc/x86_64-linux-android/4.9.x] ==> dir [/home/marlin/groundsdk/out/groundsdk-android/x86_64/toolchain/bin/../lib/gcc/x86_64-linux-android/4.9.x]
    arg [-L/home/marlin/groundsdk/out/groundsdk-android/x86_64/toolchain/bin/../lib/gcc/x86_64-linux-android/4.9.x/../../../../x86_64-linux-android/lib/../lib64] ==> dir [/home/marlin/groundsdk/out/groundsdk-android/x86_64/toolchain/bin/../lib/gcc/x86_64-linux-android/4.9.x/../../../../x86_64-linux-android/lib/../lib64]
    arg [-L/home/marlin/groundsdk/out/groundsdk-android/x86_64/toolchain/bin/../sysroot/usr/lib/../lib64] ==> dir [/home/marlin/groundsdk/out/groundsdk-android/x86_64/toolchain/bin/../sysroot/usr/lib/../lib64]
    arg [-L/home/marlin/groundsdk/out/groundsdk-android/x86_64/toolchain/bin/../lib/gcc/x86_64-linux-android/4.9.x/../../../../x86_64-linux-android/lib] ==> dir [/home/marlin/groundsdk/out/groundsdk-android/x86_64/toolchain/bin/../lib/gcc/x86_64-linux-android/4.9.x/../../../../x86_64-linux-android/lib]
    arg [-L/home/marlin/groundsdk/out/groundsdk-android/x86_64/toolchain/bin/../sysroot/usr/lib] ==> dir [/home/marlin/groundsdk/out/groundsdk-android/x86_64/toolchain/bin/../sysroot/usr/lib]
    arg [-lc++_shared] ==> lib [c++_shared]
    arg [-O1] ==> ignore
    arg [-rpath-link=/home/marlin/groundsdk/out/groundsdk-android/x86_64/staging/lib/x86_64-none-linux-android] ==> ignore
    arg [-rpath-link=/home/marlin/groundsdk/out/groundsdk-android/x86_64/staging/lib] ==> ignore
    arg [-rpath-link=/home/marlin/groundsdk/out/groundsdk-android/x86_64/staging/usr/lib/x86_64-none-linux-android] ==> ignore
    arg [-rpath-link=/home/marlin/groundsdk/out/groundsdk-android/x86_64/staging/usr/lib] ==> ignore
    arg [CMakeFiles/cmTC_b8e52.dir/CMakeCCompilerABI.c.o] ==> ignore
    arg [-lgcc] ==> lib [gcc]
    arg [-ldl] ==> lib [dl]
    arg [-lc] ==> lib [c]
    arg [-lgcc] ==> lib [gcc]
    arg [-ldl] ==> lib [dl]
    arg [/home/marlin/groundsdk/out/groundsdk-android/x86_64/toolchain/bin/../sysroot/usr/lib/../lib64/crtend_android.o] ==> ignore
  collapse library dir [/home/marlin/groundsdk/out/groundsdk-android/x86_64/staging/lib/x86_64-none-linux-android] ==> [/home/marlin/groundsdk/out/groundsdk-android/x86_64/staging/lib/x86_64-none-linux-android]
  collapse library dir [/home/marlin/groundsdk/out/groundsdk-android/x86_64/staging/lib] ==> [/home/marlin/groundsdk/out/groundsdk-android/x86_64/staging/lib]
  collapse library dir [/home/marlin/groundsdk/out/groundsdk-android/x86_64/staging/usr/lib/x86_64-none-linux-android] ==> [/home/marlin/groundsdk/out/groundsdk-android/x86_64/staging/usr/lib/x86_64-none-linux-android]
  collapse library dir [/home/marlin/groundsdk/out/groundsdk-android/x86_64/staging/usr/lib] ==> [/home/marlin/groundsdk/out/groundsdk-android/x86_64/staging/usr/lib]
  collapse library dir [/home/marlin/groundsdk/out/groundsdk-android/x86_64/toolchain/lib64/clang/6.0.2/lib/linux/x86_64] ==> [/home/marlin/groundsdk/out/groundsdk-android/x86_64/toolchain/lib64/clang/6.0.2/lib/linux/x86_64]
  collapse library dir [/home/marlin/groundsdk/out/groundsdk-android/x86_64/toolchain/bin/../lib/gcc/x86_64-linux-android/4.9.x] ==> [/home/marlin/groundsdk/out/groundsdk-android/x86_64/toolchain/lib/gcc/x86_64-linux-android/4.9.x]
  collapse library dir [/home/marlin/groundsdk/out/groundsdk-android/x86_64/toolchain/bin/../lib/gcc/x86_64-linux-android/4.9.x/../../../../x86_64-linux-android/lib/../lib64] ==> [/home/marlin/groundsdk/out/groundsdk-android/x86_64/toolchain/x86_64-linux-android/lib64]
  collapse library dir [/home/marlin/groundsdk/out/groundsdk-android/x86_64/toolchain/bin/../sysroot/usr/lib/../lib64] ==> [/home/marlin/groundsdk/out/groundsdk-android/x86_64/toolchain/sysroot/usr/lib64]
  collapse library dir [/home/marlin/groundsdk/out/groundsdk-android/x86_64/toolchain/bin/../lib/gcc/x86_64-linux-android/4.9.x/../../../../x86_64-linux-android/lib] ==> [/home/marlin/groundsdk/out/groundsdk-android/x86_64/toolchain/x86_64-linux-android/lib]
  collapse library dir [/home/marlin/groundsdk/out/groundsdk-android/x86_64/toolchain/bin/../sysroot/usr/lib] ==> [/home/marlin/groundsdk/out/groundsdk-android/x86_64/toolchain/sysroot/usr/lib]
  implicit libs: [c++_shared;gcc;dl;c;gcc;dl]
  implicit dirs: [/home/marlin/groundsdk/out/groundsdk-android/x86_64/staging/lib/x86_64-none-linux-android;/home/marlin/groundsdk/out/groundsdk-android/x86_64/staging/lib;/home/marlin/groundsdk/out/groundsdk-android/x86_64/staging/usr/lib/x86_64-none-linux-android;/home/marlin/groundsdk/out/groundsdk-android/x86_64/staging/usr/lib;/home/marlin/groundsdk/out/groundsdk-android/x86_64/toolchain/lib64/clang/6.0.2/lib/linux/x86_64;/home/marlin/groundsdk/out/groundsdk-android/x86_64/toolchain/lib/gcc/x86_64-linux-android/4.9.x;/home/marlin/groundsdk/out/groundsdk-android/x86_64/toolchain/x86_64-linux-android/lib64;/home/marlin/groundsdk/out/groundsdk-android/x86_64/toolchain/sysroot/usr/lib64;/home/marlin/groundsdk/out/groundsdk-android/x86_64/toolchain/x86_64-linux-android/lib;/home/marlin/groundsdk/out/groundsdk-android/x86_64/toolchain/sysroot/usr/lib]
  implicit fwks: []




Detecting C [-std=c11] compiler features compiled with the following output:
Change Dir: /home/marlin/groundsdk/out/groundsdk-android/x86_64/build/liblz4/obj/CMakeFiles/CMakeTmp

Run Build Command:"/usr/bin/make" "cmTC_7a276/fast"
make[1]: Entering directory '/home/marlin/groundsdk/out/groundsdk-android/x86_64/build/liblz4/obj/CMakeFiles/CMakeTmp'
/usr/bin/make -f CMakeFiles/cmTC_7a276.dir/build.make CMakeFiles/cmTC_7a276.dir/build
make[2]: Entering directory '/home/marlin/groundsdk/out/groundsdk-android/x86_64/build/liblz4/obj/CMakeFiles/CMakeTmp'
Building C object CMakeFiles/cmTC_7a276.dir/feature_tests.c.o
/home/marlin/groundsdk/out/groundsdk-android/x86_64/toolchain/bin/x86_64-linux-android-clang   -isystem/home/marlin/groundsdk/out/groundsdk-android/x86_64/staging/usr/include/x86_64-none-linux-android -isystem/home/marlin/groundsdk/out/groundsdk-android/x86_64/staging/usr/include -std=gnu99 -pipe -O2 -g -ffunction-sections -DALCHEMY_BUILD  -m64 -fPIC -msse -msse2 -mssse3 -DANDROID -DANDROID_NDK  -Qunused-arguments     -std=c11 -o CMakeFiles/cmTC_7a276.dir/feature_tests.c.o   -c /home/marlin/groundsdk/out/groundsdk-android/x86_64/build/liblz4/obj/CMakeFiles/feature_tests.c
Linking C executable cmTC_7a276
/usr/bin/cmake -E cmake_link_script CMakeFiles/cmTC_7a276.dir/link.txt --verbose=1
/home/marlin/groundsdk/out/groundsdk-android/x86_64/toolchain/bin/x86_64-linux-android-clang -isystem/home/marlin/groundsdk/out/groundsdk-android/x86_64/staging/usr/include/x86_64-none-linux-android -isystem/home/marlin/groundsdk/out/groundsdk-android/x86_64/staging/usr/include -std=gnu99 -pipe -O2 -g -ffunction-sections -DALCHEMY_BUILD  -m64 -fPIC -msse -msse2 -mssse3 -DANDROID -DANDROID_NDK  -Qunused-arguments     -O2  -m64 -lc++_shared -Wl,-O1  -L/home/marlin/groundsdk/out/groundsdk-android/x86_64/staging/lib/x86_64-none-linux-android -L/home/marlin/groundsdk/out/groundsdk-android/x86_64/staging/lib -L/home/marlin/groundsdk/out/groundsdk-android/x86_64/staging/usr/lib/x86_64-none-linux-android -L/home/marlin/groundsdk/out/groundsdk-android/x86_64/staging/usr/lib -Wl,-rpath-link=/home/marlin/groundsdk/out/groundsdk-android/x86_64/staging/lib/x86_64-none-linux-android -Wl,-rpath-link=/home/marlin/groundsdk/out/groundsdk-android/x86_64/staging/lib -Wl,-rpath-link=/home/marlin/groundsdk/out/groundsdk-android/x86_64/staging/usr/lib/x86_64-none-linux-android -Wl,-rpath-link=/home/marlin/groundsdk/out/groundsdk-android/x86_64/staging/usr/lib    -rdynamic CMakeFiles/cmTC_7a276.dir/feature_tests.c.o  -o cmTC_7a276 
make[2]: Leaving directory '/home/marlin/groundsdk/out/groundsdk-android/x86_64/build/liblz4/obj/CMakeFiles/CMakeTmp'
make[1]: Leaving directory '/home/marlin/groundsdk/out/groundsdk-android/x86_64/build/liblz4/obj/CMakeFiles/CMakeTmp'


    Feature record: C_FEATURE:1c_function_prototypes
    Feature record: C_FEATURE:1c_restrict
    Feature record: C_FEATURE:1c_static_assert
    Feature record: C_FEATURE:1c_variadic_macros


Detecting C [-std=c99] compiler features compiled with the following output:
Change Dir: /home/marlin/groundsdk/out/groundsdk-android/x86_64/build/liblz4/obj/CMakeFiles/CMakeTmp

Run Build Command:"/usr/bin/make" "cmTC_d95be/fast"
make[1]: Entering directory '/home/marlin/groundsdk/out/groundsdk-android/x86_64/build/liblz4/obj/CMakeFiles/CMakeTmp'
/usr/bin/make -f CMakeFiles/cmTC_d95be.dir/build.make CMakeFiles/cmTC_d95be.dir/build
make[2]: Entering directory '/home/marlin/groundsdk/out/groundsdk-android/x86_64/build/liblz4/obj/CMakeFiles/CMakeTmp'
Building C object CMakeFiles/cmTC_d95be.dir/feature_tests.c.o
/home/marlin/groundsdk/out/groundsdk-android/x86_64/toolchain/bin/x86_64-linux-android-clang   -isystem/home/marlin/groundsdk/out/groundsdk-android/x86_64/staging/usr/include/x86_64-none-linux-android -isystem/home/marlin/groundsdk/out/groundsdk-android/x86_64/staging/usr/include -std=gnu99 -pipe -O2 -g -ffunction-sections -DALCHEMY_BUILD  -m64 -fPIC -msse -msse2 -mssse3 -DANDROID -DANDROID_NDK  -Qunused-arguments     -std=c99 -o CMakeFiles/cmTC_d95be.dir/feature_tests.c.o   -c /home/marlin/groundsdk/out/groundsdk-android/x86_64/build/liblz4/obj/CMakeFiles/feature_tests.c
Linking C executable cmTC_d95be
/usr/bin/cmake -E cmake_link_script CMakeFiles/cmTC_d95be.dir/link.txt --verbose=1
/home/marlin/groundsdk/out/groundsdk-android/x86_64/toolchain/bin/x86_64-linux-android-clang -isystem/home/marlin/groundsdk/out/groundsdk-android/x86_64/staging/usr/include/x86_64-none-linux-android -isystem/home/marlin/groundsdk/out/groundsdk-android/x86_64/staging/usr/include -std=gnu99 -pipe -O2 -g -ffunction-sections -DALCHEMY_BUILD  -m64 -fPIC -msse -msse2 -mssse3 -DANDROID -DANDROID_NDK  -Qunused-arguments     -O2  -m64 -lc++_shared -Wl,-O1  -L/home/marlin/groundsdk/out/groundsdk-android/x86_64/staging/lib/x86_64-none-linux-android -L/home/marlin/groundsdk/out/groundsdk-android/x86_64/staging/lib -L/home/marlin/groundsdk/out/groundsdk-android/x86_64/staging/usr/lib/x86_64-none-linux-android -L/home/marlin/groundsdk/out/groundsdk-android/x86_64/staging/usr/lib -Wl,-rpath-link=/home/marlin/groundsdk/out/groundsdk-android/x86_64/staging/lib/x86_64-none-linux-android -Wl,-rpath-link=/home/marlin/groundsdk/out/groundsdk-android/x86_64/staging/lib -Wl,-rpath-link=/home/marlin/groundsdk/out/groundsdk-android/x86_64/staging/usr/lib/x86_64-none-linux-android -Wl,-rpath-link=/home/marlin/groundsdk/out/groundsdk-android/x86_64/staging/usr/lib    -rdynamic CMakeFiles/cmTC_d95be.dir/feature_tests.c.o  -o cmTC_d95be 
make[2]: Leaving directory '/home/marlin/groundsdk/out/groundsdk-android/x86_64/build/liblz4/obj/CMakeFiles/CMakeTmp'
make[1]: Leaving directory '/home/marlin/groundsdk/out/groundsdk-android/x86_64/build/liblz4/obj/CMakeFiles/CMakeTmp'


    Feature record: C_FEATURE:1c_function_prototypes
    Feature record: C_FEATURE:1c_restrict
    Feature record: C_FEATURE:0c_static_assert
    Feature record: C_FEATURE:1c_variadic_macros


Detecting C [-std=c90] compiler features compiled with the following output:
Change Dir: /home/marlin/groundsdk/out/groundsdk-android/x86_64/build/liblz4/obj/CMakeFiles/CMakeTmp

Run Build Command:"/usr/bin/make" "cmTC_31a5e/fast"
make[1]: Entering directory '/home/marlin/groundsdk/out/groundsdk-android/x86_64/build/liblz4/obj/CMakeFiles/CMakeTmp'
/usr/bin/make -f CMakeFiles/cmTC_31a5e.dir/build.make CMakeFiles/cmTC_31a5e.dir/build
make[2]: Entering directory '/home/marlin/groundsdk/out/groundsdk-android/x86_64/build/liblz4/obj/CMakeFiles/CMakeTmp'
Building C object CMakeFiles/cmTC_31a5e.dir/feature_tests.c.o
/home/marlin/groundsdk/out/groundsdk-android/x86_64/toolchain/bin/x86_64-linux-android-clang   -isystem/home/marlin/groundsdk/out/groundsdk-android/x86_64/staging/usr/include/x86_64-none-linux-android -isystem/home/marlin/groundsdk/out/groundsdk-android/x86_64/staging/usr/include -std=gnu99 -pipe -O2 -g -ffunction-sections -DALCHEMY_BUILD  -m64 -fPIC -msse -msse2 -mssse3 -DANDROID -DANDROID_NDK  -Qunused-arguments     -std=c90 -o CMakeFiles/cmTC_31a5e.dir/feature_tests.c.o   -c /home/marlin/groundsdk/out/groundsdk-android/x86_64/build/liblz4/obj/CMakeFiles/feature_tests.c
Linking C executable cmTC_31a5e
/usr/bin/cmake -E cmake_link_script CMakeFiles/cmTC_31a5e.dir/link.txt --verbose=1
/home/marlin/groundsdk/out/groundsdk-android/x86_64/toolchain/bin/x86_64-linux-android-clang -isystem/home/marlin/groundsdk/out/groundsdk-android/x86_64/staging/usr/include/x86_64-none-linux-android -isystem/home/marlin/groundsdk/out/groundsdk-android/x86_64/staging/usr/include -std=gnu99 -pipe -O2 -g -ffunction-sections -DALCHEMY_BUILD  -m64 -fPIC -msse -msse2 -mssse3 -DANDROID -DANDROID_NDK  -Qunused-arguments     -O2  -m64 -lc++_shared -Wl,-O1  -L/home/marlin/groundsdk/out/groundsdk-android/x86_64/staging/lib/x86_64-none-linux-android -L/home/marlin/groundsdk/out/groundsdk-android/x86_64/staging/lib -L/home/marlin/groundsdk/out/groundsdk-android/x86_64/staging/usr/lib/x86_64-none-linux-android -L/home/marlin/groundsdk/out/groundsdk-android/x86_64/staging/usr/lib -Wl,-rpath-link=/home/marlin/groundsdk/out/groundsdk-android/x86_64/staging/lib/x86_64-none-linux-android -Wl,-rpath-link=/home/marlin/groundsdk/out/groundsdk-android/x86_64/staging/lib -Wl,-rpath-link=/home/marlin/groundsdk/out/groundsdk-android/x86_64/staging/usr/lib/x86_64-none-linux-android -Wl,-rpath-link=/home/marlin/groundsdk/out/groundsdk-android/x86_64/staging/usr/lib    -rdynamic CMakeFiles/cmTC_31a5e.dir/feature_tests.c.o  -o cmTC_31a5e 
make[2]: Leaving directory '/home/marlin/groundsdk/out/groundsdk-android/x86_64/build/liblz4/obj/CMakeFiles/CMakeTmp'
make[1]: Leaving directory '/home/marlin/groundsdk/out/groundsdk-android/x86_64/build/liblz4/obj/CMakeFiles/CMakeTmp'


    Feature record: C_FEATURE:1c_function_prototypes
    Feature record: C_FEATURE:0c_restrict
    Feature record: C_FEATURE:0c_static_assert
    Feature record: C_FEATURE:0c_variadic_macros
Determining if the include file sys/types.h exists passed with the following output:
Change Dir: /home/marlin/groundsdk/out/groundsdk-android/x86_64/build/liblz4/obj/CMakeFiles/CMakeTmp

Run Build Command:"/usr/bin/make" "cmTC_6ecd5/fast"
make[1]: Entering directory '/home/marlin/groundsdk/out/groundsdk-android/x86_64/build/liblz4/obj/CMakeFiles/CMakeTmp'
/usr/bin/make -f CMakeFiles/cmTC_6ecd5.dir/build.make CMakeFiles/cmTC_6ecd5.dir/build
make[2]: Entering directory '/home/marlin/groundsdk/out/groundsdk-android/x86_64/build/liblz4/obj/CMakeFiles/CMakeTmp'
Building C object CMakeFiles/cmTC_6ecd5.dir/CheckIncludeFile.c.o
/home/marlin/groundsdk/out/groundsdk-android/x86_64/toolchain/bin/x86_64-linux-android-clang   -isystem/home/marlin/groundsdk/out/groundsdk-android/x86_64/staging/usr/include/x86_64-none-linux-android -isystem/home/marlin/groundsdk/out/groundsdk-android/x86_64/staging/usr/include -std=gnu99 -pipe -O2 -g -ffunction-sections -DALCHEMY_BUILD  -m64 -fPIC -msse -msse2 -mssse3 -DANDROID -DANDROID_NDK  -Qunused-arguments     -o CMakeFiles/cmTC_6ecd5.dir/CheckIncludeFile.c.o   -c /home/marlin/groundsdk/out/groundsdk-android/x86_64/build/liblz4/obj/CMakeFiles/CMakeTmp/CheckIncludeFile.c
Linking C executable cmTC_6ecd5
/usr/bin/cmake -E cmake_link_script CMakeFiles/cmTC_6ecd5.dir/link.txt --verbose=1
/home/marlin/groundsdk/out/groundsdk-android/x86_64/toolchain/bin/x86_64-linux-android-clang -isystem/home/marlin/groundsdk/out/groundsdk-android/x86_64/staging/usr/include/x86_64-none-linux-android -isystem/home/marlin/groundsdk/out/groundsdk-android/x86_64/staging/usr/include -std=gnu99 -pipe -O2 -g -ffunction-sections -DALCHEMY_BUILD  -m64 -fPIC -msse -msse2 -mssse3 -DANDROID -DANDROID_NDK  -Qunused-arguments     -O2  -m64 -lc++_shared -Wl,-O1  -L/home/marlin/groundsdk/out/groundsdk-android/x86_64/staging/lib/x86_64-none-linux-android -L/home/marlin/groundsdk/out/groundsdk-android/x86_64/staging/lib -L/home/marlin/groundsdk/out/groundsdk-android/x86_64/staging/usr/lib/x86_64-none-linux-android -L/home/marlin/groundsdk/out/groundsdk-android/x86_64/staging/usr/lib -Wl,-rpath-link=/home/marlin/groundsdk/out/groundsdk-android/x86_64/staging/lib/x86_64-none-linux-android -Wl,-rpath-link=/home/marlin/groundsdk/out/groundsdk-android/x86_64/staging/lib -Wl,-rpath-link=/home/marlin/groundsdk/out/groundsdk-android/x86_64/staging/usr/lib/x86_64-none-linux-android -Wl,-rpath-link=/home/marlin/groundsdk/out/groundsdk-android/x86_64/staging/usr/lib    -rdynamic CMakeFiles/cmTC_6ecd5.dir/CheckIncludeFile.c.o  -o cmTC_6ecd5 
make[2]: Leaving directory '/home/marlin/groundsdk/out/groundsdk-android/x86_64/build/liblz4/obj/CMakeFiles/CMakeTmp'
make[1]: Leaving directory '/home/marlin/groundsdk/out/groundsdk-android/x86_64/build/liblz4/obj/CMakeFiles/CMakeTmp'


Determining if the include file stdint.h exists passed with the following output:
Change Dir: /home/marlin/groundsdk/out/groundsdk-android/x86_64/build/liblz4/obj/CMakeFiles/CMakeTmp

Run Build Command:"/usr/bin/make" "cmTC_5b498/fast"
make[1]: Entering directory '/home/marlin/groundsdk/out/groundsdk-android/x86_64/build/liblz4/obj/CMakeFiles/CMakeTmp'
/usr/bin/make -f CMakeFiles/cmTC_5b498.dir/build.make CMakeFiles/cmTC_5b498.dir/build
make[2]: Entering directory '/home/marlin/groundsdk/out/groundsdk-android/x86_64/build/liblz4/obj/CMakeFiles/CMakeTmp'
Building C object CMakeFiles/cmTC_5b498.dir/CheckIncludeFile.c.o
/home/marlin/groundsdk/out/groundsdk-android/x86_64/toolchain/bin/x86_64-linux-android-clang   -isystem/home/marlin/groundsdk/out/groundsdk-android/x86_64/staging/usr/include/x86_64-none-linux-android -isystem/home/marlin/groundsdk/out/groundsdk-android/x86_64/staging/usr/include -std=gnu99 -pipe -O2 -g -ffunction-sections -DALCHEMY_BUILD  -m64 -fPIC -msse -msse2 -mssse3 -DANDROID -DANDROID_NDK  -Qunused-arguments     -o CMakeFiles/cmTC_5b498.dir/CheckIncludeFile.c.o   -c /home/marlin/groundsdk/out/groundsdk-android/x86_64/build/liblz4/obj/CMakeFiles/CMakeTmp/CheckIncludeFile.c
Linking C executable cmTC_5b498
/usr/bin/cmake -E cmake_link_script CMakeFiles/cmTC_5b498.dir/link.txt --verbose=1
/home/marlin/groundsdk/out/groundsdk-android/x86_64/toolchain/bin/x86_64-linux-android-clang -isystem/home/marlin/groundsdk/out/groundsdk-android/x86_64/staging/usr/include/x86_64-none-linux-android -isystem/home/marlin/groundsdk/out/groundsdk-android/x86_64/staging/usr/include -std=gnu99 -pipe -O2 -g -ffunction-sections -DALCHEMY_BUILD  -m64 -fPIC -msse -msse2 -mssse3 -DANDROID -DANDROID_NDK  -Qunused-arguments     -O2  -m64 -lc++_shared -Wl,-O1  -L/home/marlin/groundsdk/out/groundsdk-android/x86_64/staging/lib/x86_64-none-linux-android -L/home/marlin/groundsdk/out/groundsdk-android/x86_64/staging/lib -L/home/marlin/groundsdk/out/groundsdk-android/x86_64/staging/usr/lib/x86_64-none-linux-android -L/home/marlin/groundsdk/out/groundsdk-android/x86_64/staging/usr/lib -Wl,-rpath-link=/home/marlin/groundsdk/out/groundsdk-android/x86_64/staging/lib/x86_64-none-linux-android -Wl,-rpath-link=/home/marlin/groundsdk/out/groundsdk-android/x86_64/staging/lib -Wl,-rpath-link=/home/marlin/groundsdk/out/groundsdk-android/x86_64/staging/usr/lib/x86_64-none-linux-android -Wl,-rpath-link=/home/marlin/groundsdk/out/groundsdk-android/x86_64/staging/usr/lib    -rdynamic CMakeFiles/cmTC_5b498.dir/CheckIncludeFile.c.o  -o cmTC_5b498 
make[2]: Leaving directory '/home/marlin/groundsdk/out/groundsdk-android/x86_64/build/liblz4/obj/CMakeFiles/CMakeTmp'
make[1]: Leaving directory '/home/marlin/groundsdk/out/groundsdk-android/x86_64/build/liblz4/obj/CMakeFiles/CMakeTmp'


Determining if the include file stddef.h exists passed with the following output:
Change Dir: /home/marlin/groundsdk/out/groundsdk-android/x86_64/build/liblz4/obj/CMakeFiles/CMakeTmp

Run Build Command:"/usr/bin/make" "cmTC_7dc53/fast"
make[1]: Entering directory '/home/marlin/groundsdk/out/groundsdk-android/x86_64/build/liblz4/obj/CMakeFiles/CMakeTmp'
/usr/bin/make -f CMakeFiles/cmTC_7dc53.dir/build.make CMakeFiles/cmTC_7dc53.dir/build
make[2]: Entering directory '/home/marlin/groundsdk/out/groundsdk-android/x86_64/build/liblz4/obj/CMakeFiles/CMakeTmp'
Building C object CMakeFiles/cmTC_7dc53.dir/CheckIncludeFile.c.o
/home/marlin/groundsdk/out/groundsdk-android/x86_64/toolchain/bin/x86_64-linux-android-clang   -isystem/home/marlin/groundsdk/out/groundsdk-android/x86_64/staging/usr/include/x86_64-none-linux-android -isystem/home/marlin/groundsdk/out/groundsdk-android/x86_64/staging/usr/include -std=gnu99 -pipe -O2 -g -ffunction-sections -DALCHEMY_BUILD  -m64 -fPIC -msse -msse2 -mssse3 -DANDROID -DANDROID_NDK  -Qunused-arguments     -o CMakeFiles/cmTC_7dc53.dir/CheckIncludeFile.c.o   -c /home/marlin/groundsdk/out/groundsdk-android/x86_64/build/liblz4/obj/CMakeFiles/CMakeTmp/CheckIncludeFile.c
Linking C executable cmTC_7dc53
/usr/bin/cmake -E cmake_link_script CMakeFiles/cmTC_7dc53.dir/link.txt --verbose=1
/home/marlin/groundsdk/out/groundsdk-android/x86_64/toolchain/bin/x86_64-linux-android-clang -isystem/home/marlin/groundsdk/out/groundsdk-android/x86_64/staging/usr/include/x86_64-none-linux-android -isystem/home/marlin/groundsdk/out/groundsdk-android/x86_64/staging/usr/include -std=gnu99 -pipe -O2 -g -ffunction-sections -DALCHEMY_BUILD  -m64 -fPIC -msse -msse2 -mssse3 -DANDROID -DANDROID_NDK  -Qunused-arguments     -O2  -m64 -lc++_shared -Wl,-O1  -L/home/marlin/groundsdk/out/groundsdk-android/x86_64/staging/lib/x86_64-none-linux-android -L/home/marlin/groundsdk/out/groundsdk-android/x86_64/staging/lib -L/home/marlin/groundsdk/out/groundsdk-android/x86_64/staging/usr/lib/x86_64-none-linux-android -L/home/marlin/groundsdk/out/groundsdk-android/x86_64/staging/usr/lib -Wl,-rpath-link=/home/marlin/groundsdk/out/groundsdk-android/x86_64/staging/lib/x86_64-none-linux-android -Wl,-rpath-link=/home/marlin/groundsdk/out/groundsdk-android/x86_64/staging/lib -Wl,-rpath-link=/home/marlin/groundsdk/out/groundsdk-android/x86_64/staging/usr/lib/x86_64-none-linux-android -Wl,-rpath-link=/home/marlin/groundsdk/out/groundsdk-android/x86_64/staging/usr/lib    -rdynamic CMakeFiles/cmTC_7dc53.dir/CheckIncludeFile.c.o  -o cmTC_7dc53 
make[2]: Leaving directory '/home/marlin/groundsdk/out/groundsdk-android/x86_64/build/liblz4/obj/CMakeFiles/CMakeTmp'
make[1]: Leaving directory '/home/marlin/groundsdk/out/groundsdk-android/x86_64/build/liblz4/obj/CMakeFiles/CMakeTmp'


Determining size of void * passed with the following output:
Change Dir: /home/marlin/groundsdk/out/groundsdk-android/x86_64/build/liblz4/obj/CMakeFiles/CMakeTmp

Run Build Command:"/usr/bin/make" "cmTC_b2bfb/fast"
make[1]: Entering directory '/home/marlin/groundsdk/out/groundsdk-android/x86_64/build/liblz4/obj/CMakeFiles/CMakeTmp'
/usr/bin/make -f CMakeFiles/cmTC_b2bfb.dir/build.make CMakeFiles/cmTC_b2bfb.dir/build
make[2]: Entering directory '/home/marlin/groundsdk/out/groundsdk-android/x86_64/build/liblz4/obj/CMakeFiles/CMakeTmp'
Building C object CMakeFiles/cmTC_b2bfb.dir/SIZEOF_VOID_P.c.o
/home/marlin/groundsdk/out/groundsdk-android/x86_64/toolchain/bin/x86_64-linux-android-clang   -isystem/home/marlin/groundsdk/out/groundsdk-android/x86_64/staging/usr/include/x86_64-none-linux-android -isystem/home/marlin/groundsdk/out/groundsdk-android/x86_64/staging/usr/include -std=gnu99 -pipe -O2 -g -ffunction-sections -DALCHEMY_BUILD  -m64 -fPIC -msse -msse2 -mssse3 -DANDROID -DANDROID_NDK  -Qunused-arguments     -o CMakeFiles/cmTC_b2bfb.dir/SIZEOF_VOID_P.c.o   -c /home/marlin/groundsdk/out/groundsdk-android/x86_64/build/liblz4/obj/CMakeFiles/CheckTypeSize/SIZEOF_VOID_P.c
Linking C executable cmTC_b2bfb
/usr/bin/cmake -E cmake_link_script CMakeFiles/cmTC_b2bfb.dir/link.txt --verbose=1
/home/marlin/groundsdk/out/groundsdk-android/x86_64/toolchain/bin/x86_64-linux-android-clang -isystem/home/marlin/groundsdk/out/groundsdk-android/x86_64/staging/usr/include/x86_64-none-linux-android -isystem/home/marlin/groundsdk/out/groundsdk-android/x86_64/staging/usr/include -std=gnu99 -pipe -O2 -g -ffunction-sections -DALCHEMY_BUILD  -m64 -fPIC -msse -msse2 -mssse3 -DANDROID -DANDROID_NDK  -Qunused-arguments     -O2  -m64 -lc++_shared -Wl,-O1  -L/home/marlin/groundsdk/out/groundsdk-android/x86_64/staging/lib/x86_64-none-linux-android -L/home/marlin/groundsdk/out/groundsdk-android/x86_64/staging/lib -L/home/marlin/groundsdk/out/groundsdk-android/x86_64/staging/usr/lib/x86_64-none-linux-android -L/home/marlin/groundsdk/out/groundsdk-android/x86_64/staging/usr/lib -Wl,-rpath-link=/home/marlin/groundsdk/out/groundsdk-android/x86_64/staging/lib/x86_64-none-linux-android -Wl,-rpath-link=/home/marlin/groundsdk/out/groundsdk-android/x86_64/staging/lib -Wl,-rpath-link=/home/marlin/groundsdk/out/groundsdk-android/x86_64/staging/usr/lib/x86_64-none-linux-android -Wl,-rpath-link=/home/marlin/groundsdk/out/groundsdk-android/x86_64/staging/usr/lib    -rdynamic CMakeFiles/cmTC_b2bfb.dir/SIZEOF_VOID_P.c.o  -o cmTC_b2bfb 
make[2]: Leaving directory '/home/marlin/groundsdk/out/groundsdk-android/x86_64/build/liblz4/obj/CMakeFiles/CMakeTmp'
make[1]: Leaving directory '/home/marlin/groundsdk/out/groundsdk-android/x86_64/build/liblz4/obj/CMakeFiles/CMakeTmp'


