The target system is: Linux -  - arm
The host system is: Linux - 4.15.0-162-generic - x86_64
Compiling the C compiler identification source file "CMakeCCompilerId.c" succeeded.
Compiler: /home/marlin/groundsdk/out/groundsdk-android/armeabi-v7a/toolchain/bin/arm-linux-androideabi-clang 
Build flags: -isystem/home/marlin/groundsdk/out/groundsdk-android/armeabi-v7a/staging/usr/include/armv7a-none-linux-android;-isystem/home/marlin/groundsdk/out/groundsdk-android/armeabi-v7a/staging/usr/include;-std=gnu99;-pipe;-O2;-g;-ffunction-sections;-DALCHEMY_BUILD;;-march=armv7-a;-mfpu=vfpv3-d16;-mfloat-abi=soft;-fPIC;-DANDROID;-DANDROID_NDK;;-Qunused-arguments;;-marm;-O2;-fstrict-aliasing
Id flags:  

The output was:
0


Compilation of the C compiler identification source "CMakeCCompilerId.c" produced "a.out"

The C compiler identification is Clang, found in "/home/marlin/groundsdk/out/groundsdk-android/armeabi-v7a/build/liblz4/obj/CMakeFiles/3.10.2/CompilerIdC/a.out"

Determining if the C compiler works passed with the following output:
Change Dir: /home/marlin/groundsdk/out/groundsdk-android/armeabi-v7a/build/liblz4/obj/CMakeFiles/CMakeTmp

Run Build Command:"/usr/bin/make" "cmTC_a0f39/fast"
make[1]: Entering directory '/home/marlin/groundsdk/out/groundsdk-android/armeabi-v7a/build/liblz4/obj/CMakeFiles/CMakeTmp'
/usr/bin/make -f CMakeFiles/cmTC_a0f39.dir/build.make CMakeFiles/cmTC_a0f39.dir/build
make[2]: Entering directory '/home/marlin/groundsdk/out/groundsdk-android/armeabi-v7a/build/liblz4/obj/CMakeFiles/CMakeTmp'
Building C object CMakeFiles/cmTC_a0f39.dir/testCCompiler.c.o
/home/marlin/groundsdk/out/groundsdk-android/armeabi-v7a/toolchain/bin/arm-linux-androideabi-clang   -isystem/home/marlin/groundsdk/out/groundsdk-android/armeabi-v7a/staging/usr/include/armv7a-none-linux-android -isystem/home/marlin/groundsdk/out/groundsdk-android/armeabi-v7a/staging/usr/include -std=gnu99 -pipe -O2 -g -ffunction-sections -DALCHEMY_BUILD  -march=armv7-a -mfpu=vfpv3-d16 -mfloat-abi=soft -fPIC -DANDROID -DANDROID_NDK  -Qunused-arguments  -marm -O2 -fstrict-aliasing    -o CMakeFiles/cmTC_a0f39.dir/testCCompiler.c.o   -c /home/marlin/groundsdk/out/groundsdk-android/armeabi-v7a/build/liblz4/obj/CMakeFiles/CMakeTmp/testCCompiler.c
Linking C executable cmTC_a0f39
/usr/bin/cmake -E cmake_link_script CMakeFiles/cmTC_a0f39.dir/link.txt --verbose=1
/home/marlin/groundsdk/out/groundsdk-android/armeabi-v7a/toolchain/bin/arm-linux-androideabi-clang -isystem/home/marlin/groundsdk/out/groundsdk-android/armeabi-v7a/staging/usr/include/armv7a-none-linux-android -isystem/home/marlin/groundsdk/out/groundsdk-android/armeabi-v7a/staging/usr/include -std=gnu99 -pipe -O2 -g -ffunction-sections -DALCHEMY_BUILD  -march=armv7-a -mfpu=vfpv3-d16 -mfloat-abi=soft -fPIC -DANDROID -DANDROID_NDK  -Qunused-arguments  -marm -O2 -fstrict-aliasing    -O2  -march=armv7-a -mfpu=vfpv3-d16 -mfloat-abi=soft -lc++_shared -Wl,-O1  -L/home/marlin/groundsdk/out/groundsdk-android/armeabi-v7a/staging/lib/armv7a-none-linux-android -L/home/marlin/groundsdk/out/groundsdk-android/armeabi-v7a/staging/lib -L/home/marlin/groundsdk/out/groundsdk-android/armeabi-v7a/staging/usr/lib/armv7a-none-linux-android -L/home/marlin/groundsdk/out/groundsdk-android/armeabi-v7a/staging/usr/lib -Wl,-rpath-link=/home/marlin/groundsdk/out/groundsdk-android/armeabi-v7a/staging/lib/armv7a-none-linux-android -Wl,-rpath-link=/home/marlin/groundsdk/out/groundsdk-android/armeabi-v7a/staging/lib -Wl,-rpath-link=/home/marlin/groundsdk/out/groundsdk-android/armeabi-v7a/staging/usr/lib/armv7a-none-linux-android -Wl,-rpath-link=/home/marlin/groundsdk/out/groundsdk-android/armeabi-v7a/staging/usr/lib    -rdynamic CMakeFiles/cmTC_a0f39.dir/testCCompiler.c.o  -o cmTC_a0f39 
make[2]: Leaving directory '/home/marlin/groundsdk/out/groundsdk-android/armeabi-v7a/build/liblz4/obj/CMakeFiles/CMakeTmp'
make[1]: Leaving directory '/home/marlin/groundsdk/out/groundsdk-android/armeabi-v7a/build/liblz4/obj/CMakeFiles/CMakeTmp'


Detecting C compiler ABI info compiled with the following output:
Change Dir: /home/marlin/groundsdk/out/groundsdk-android/armeabi-v7a/build/liblz4/obj/CMakeFiles/CMakeTmp

Run Build Command:"/usr/bin/make" "cmTC_869b1/fast"
make[1]: Entering directory '/home/marlin/groundsdk/out/groundsdk-android/armeabi-v7a/build/liblz4/obj/CMakeFiles/CMakeTmp'
/usr/bin/make -f CMakeFiles/cmTC_869b1.dir/build.make CMakeFiles/cmTC_869b1.dir/build
make[2]: Entering directory '/home/marlin/groundsdk/out/groundsdk-android/armeabi-v7a/build/liblz4/obj/CMakeFiles/CMakeTmp'
Building C object CMakeFiles/cmTC_869b1.dir/CMakeCCompilerABI.c.o
/home/marlin/groundsdk/out/groundsdk-android/armeabi-v7a/toolchain/bin/arm-linux-androideabi-clang   -isystem/home/marlin/groundsdk/out/groundsdk-android/armeabi-v7a/staging/usr/include/armv7a-none-linux-android -isystem/home/marlin/groundsdk/out/groundsdk-android/armeabi-v7a/staging/usr/include -std=gnu99 -pipe -O2 -g -ffunction-sections -DALCHEMY_BUILD  -march=armv7-a -mfpu=vfpv3-d16 -mfloat-abi=soft -fPIC -DANDROID -DANDROID_NDK  -Qunused-arguments  -marm -O2 -fstrict-aliasing    -o CMakeFiles/cmTC_869b1.dir/CMakeCCompilerABI.c.o   -c /usr/share/cmake-3.10/Modules/CMakeCCompilerABI.c
Linking C executable cmTC_869b1
/usr/bin/cmake -E cmake_link_script CMakeFiles/cmTC_869b1.dir/link.txt --verbose=1
/home/marlin/groundsdk/out/groundsdk-android/armeabi-v7a/toolchain/bin/arm-linux-androideabi-clang -isystem/home/marlin/groundsdk/out/groundsdk-android/armeabi-v7a/staging/usr/include/armv7a-none-linux-android -isystem/home/marlin/groundsdk/out/groundsdk-android/armeabi-v7a/staging/usr/include -std=gnu99 -pipe -O2 -g -ffunction-sections -DALCHEMY_BUILD  -march=armv7-a -mfpu=vfpv3-d16 -mfloat-abi=soft -fPIC -DANDROID -DANDROID_NDK  -Qunused-arguments  -marm -O2 -fstrict-aliasing    -O2  -march=armv7-a -mfpu=vfpv3-d16 -mfloat-abi=soft -lc++_shared -Wl,-O1  -L/home/marlin/groundsdk/out/groundsdk-android/armeabi-v7a/staging/lib/armv7a-none-linux-android -L/home/marlin/groundsdk/out/groundsdk-android/armeabi-v7a/staging/lib -L/home/marlin/groundsdk/out/groundsdk-android/armeabi-v7a/staging/usr/lib/armv7a-none-linux-android -L/home/marlin/groundsdk/out/groundsdk-android/armeabi-v7a/staging/usr/lib -Wl,-rpath-link=/home/marlin/groundsdk/out/groundsdk-android/armeabi-v7a/staging/lib/armv7a-none-linux-android -Wl,-rpath-link=/home/marlin/groundsdk/out/groundsdk-android/armeabi-v7a/staging/lib -Wl,-rpath-link=/home/marlin/groundsdk/out/groundsdk-android/armeabi-v7a/staging/usr/lib/armv7a-none-linux-android -Wl,-rpath-link=/home/marlin/groundsdk/out/groundsdk-android/armeabi-v7a/staging/usr/lib   -v -rdynamic CMakeFiles/cmTC_869b1.dir/CMakeCCompilerABI.c.o  -o cmTC_869b1 
Android (4691093 based on r316199) clang version 6.0.2 (https://android.googlesource.com/toolchain/clang 183abd29fc496f55536e7d904e0abae47888fc7f) (https://android.googlesource.com/toolchain/llvm 34361f192e41ed6e4e8f9aca80a4ea7e9856f327) (based on LLVM 6.0.2svn)
Target: armv7a-none-linux-android
Thread model: posix
InstalledDir: /home/marlin/groundsdk/out/groundsdk-android/armeabi-v7a/toolchain/bin
Found candidate GCC installation: /home/marlin/groundsdk/out/groundsdk-android/armeabi-v7a/toolchain/bin/../lib/gcc/arm-linux-androideabi/4.9.x
Selected GCC installation: /home/marlin/groundsdk/out/groundsdk-android/armeabi-v7a/toolchain/bin/../lib/gcc/arm-linux-androideabi/4.9.x
Candidate multilib: thumb;@mthumb
Candidate multilib: armv7-a;@march=armv7-a
Candidate multilib: armv7-a/thumb;@march=armv7-a@mthumb
Candidate multilib: .;
Selected multilib: armv7-a;@march=armv7-a
 "/home/marlin/groundsdk/out/groundsdk-android/armeabi-v7a/toolchain/bin/../lib/gcc/arm-linux-androideabi/4.9.x/../../../../arm-linux-androideabi/bin/ld" --sysroot=/home/marlin/groundsdk/out/groundsdk-android/armeabi-v7a/toolchain/bin/../sysroot -export-dynamic -X --eh-frame-hdr -m armelf_linux_eabi -export-dynamic -dynamic-linker /system/bin/linker -o cmTC_869b1 /home/marlin/groundsdk/out/groundsdk-android/armeabi-v7a/toolchain/bin/../sysroot/usr/lib/../lib/crtbegin_dynamic.o -L/home/marlin/groundsdk/out/groundsdk-android/armeabi-v7a/staging/lib/armv7a-none-linux-android -L/home/marlin/groundsdk/out/groundsdk-android/armeabi-v7a/staging/lib -L/home/marlin/groundsdk/out/groundsdk-android/armeabi-v7a/staging/usr/lib/armv7a-none-linux-android -L/home/marlin/groundsdk/out/groundsdk-android/armeabi-v7a/staging/usr/lib -L/home/marlin/groundsdk/out/groundsdk-android/armeabi-v7a/toolchain/lib64/clang/6.0.2/lib/linux/arm -L/home/marlin/groundsdk/out/groundsdk-android/armeabi-v7a/toolchain/bin/../lib/gcc/arm-linux-androideabi/4.9.x/armv7-a -L/home/marlin/groundsdk/out/groundsdk-android/armeabi-v7a/toolchain/bin/../lib/gcc/arm-linux-androideabi/4.9.x/../../../../arm-linux-androideabi/lib/../lib/armv7-a -L/home/marlin/groundsdk/out/groundsdk-android/armeabi-v7a/toolchain/bin/../sysroot/usr/lib/../lib -L/home/marlin/groundsdk/out/groundsdk-android/armeabi-v7a/toolchain/bin/../lib/gcc/arm-linux-androideabi/4.9.x/../../../../arm-linux-androideabi/lib/armv7-a -L/home/marlin/groundsdk/out/groundsdk-android/armeabi-v7a/toolchain/bin/../sysroot/usr/lib -lc++_shared -O1 -rpath-link=/home/marlin/groundsdk/out/groundsdk-android/armeabi-v7a/staging/lib/armv7a-none-linux-android -rpath-link=/home/marlin/groundsdk/out/groundsdk-android/armeabi-v7a/staging/lib -rpath-link=/home/marlin/groundsdk/out/groundsdk-android/armeabi-v7a/staging/usr/lib/armv7a-none-linux-android -rpath-link=/home/marlin/groundsdk/out/groundsdk-android/armeabi-v7a/staging/usr/lib CMakeFiles/cmTC_869b1.dir/CMakeCCompilerABI.c.o -lgcc -ldl -lc -lgcc -ldl /home/marlin/groundsdk/out/groundsdk-android/armeabi-v7a/toolchain/bin/../sysroot/usr/lib/../lib/crtend_android.o
make[2]: Leaving directory '/home/marlin/groundsdk/out/groundsdk-android/armeabi-v7a/build/liblz4/obj/CMakeFiles/CMakeTmp'
make[1]: Leaving directory '/home/marlin/groundsdk/out/groundsdk-android/armeabi-v7a/build/liblz4/obj/CMakeFiles/CMakeTmp'


Parsed C implicit link information from above output:
  link line regex: [^( *|.*[/\])(arm-linux-androideabi-ld|CMAKE_LINK_STARTFILE-NOTFOUND|([^/\]+-)?ld|collect2)[^/\]*( |$)]
  ignore line: [Change Dir: /home/marlin/groundsdk/out/groundsdk-android/armeabi-v7a/build/liblz4/obj/CMakeFiles/CMakeTmp]
  ignore line: []
  ignore line: [Run Build Command:"/usr/bin/make" "cmTC_869b1/fast"]
  ignore line: [make[1]: Entering directory '/home/marlin/groundsdk/out/groundsdk-android/armeabi-v7a/build/liblz4/obj/CMakeFiles/CMakeTmp']
  ignore line: [/usr/bin/make -f CMakeFiles/cmTC_869b1.dir/build.make CMakeFiles/cmTC_869b1.dir/build]
  ignore line: [make[2]: Entering directory '/home/marlin/groundsdk/out/groundsdk-android/armeabi-v7a/build/liblz4/obj/CMakeFiles/CMakeTmp']
  ignore line: [Building C object CMakeFiles/cmTC_869b1.dir/CMakeCCompilerABI.c.o]
  ignore line: [/home/marlin/groundsdk/out/groundsdk-android/armeabi-v7a/toolchain/bin/arm-linux-androideabi-clang   -isystem/home/marlin/groundsdk/out/groundsdk-android/armeabi-v7a/staging/usr/include/armv7a-none-linux-android -isystem/home/marlin/groundsdk/out/groundsdk-android/armeabi-v7a/staging/usr/include -std=gnu99 -pipe -O2 -g -ffunction-sections -DALCHEMY_BUILD  -march=armv7-a -mfpu=vfpv3-d16 -mfloat-abi=soft -fPIC -DANDROID -DANDROID_NDK  -Qunused-arguments  -marm -O2 -fstrict-aliasing    -o CMakeFiles/cmTC_869b1.dir/CMakeCCompilerABI.c.o   -c /usr/share/cmake-3.10/Modules/CMakeCCompilerABI.c]
  ignore line: [Linking C executable cmTC_869b1]
  ignore line: [/usr/bin/cmake -E cmake_link_script CMakeFiles/cmTC_869b1.dir/link.txt --verbose=1]
  ignore line: [/home/marlin/groundsdk/out/groundsdk-android/armeabi-v7a/toolchain/bin/arm-linux-androideabi-clang -isystem/home/marlin/groundsdk/out/groundsdk-android/armeabi-v7a/staging/usr/include/armv7a-none-linux-android -isystem/home/marlin/groundsdk/out/groundsdk-android/armeabi-v7a/staging/usr/include -std=gnu99 -pipe -O2 -g -ffunction-sections -DALCHEMY_BUILD  -march=armv7-a -mfpu=vfpv3-d16 -mfloat-abi=soft -fPIC -DANDROID -DANDROID_NDK  -Qunused-arguments  -marm -O2 -fstrict-aliasing    -O2  -march=armv7-a -mfpu=vfpv3-d16 -mfloat-abi=soft -lc++_shared -Wl,-O1  -L/home/marlin/groundsdk/out/groundsdk-android/armeabi-v7a/staging/lib/armv7a-none-linux-android -L/home/marlin/groundsdk/out/groundsdk-android/armeabi-v7a/staging/lib -L/home/marlin/groundsdk/out/groundsdk-android/armeabi-v7a/staging/usr/lib/armv7a-none-linux-android -L/home/marlin/groundsdk/out/groundsdk-android/armeabi-v7a/staging/usr/lib -Wl,-rpath-link=/home/marlin/groundsdk/out/groundsdk-android/armeabi-v7a/staging/lib/armv7a-none-linux-android -Wl,-rpath-link=/home/marlin/groundsdk/out/groundsdk-android/armeabi-v7a/staging/lib -Wl,-rpath-link=/home/marlin/groundsdk/out/groundsdk-android/armeabi-v7a/staging/usr/lib/armv7a-none-linux-android -Wl,-rpath-link=/home/marlin/groundsdk/out/groundsdk-android/armeabi-v7a/staging/usr/lib   -v -rdynamic CMakeFiles/cmTC_869b1.dir/CMakeCCompilerABI.c.o  -o cmTC_869b1 ]
  ignore line: [Android (4691093 based on r316199) clang version 6.0.2 (https://android.googlesource.com/toolchain/clang 183abd29fc496f55536e7d904e0abae47888fc7f) (https://android.googlesource.com/toolchain/llvm 34361f192e41ed6e4e8f9aca80a4ea7e9856f327) (based on LLVM 6.0.2svn)]
  ignore line: [Target: armv7a-none-linux-android]
  ignore line: [Thread model: posix]
  ignore line: [InstalledDir: /home/marlin/groundsdk/out/groundsdk-android/armeabi-v7a/toolchain/bin]
  ignore line: [Found candidate GCC installation: /home/marlin/groundsdk/out/groundsdk-android/armeabi-v7a/toolchain/bin/../lib/gcc/arm-linux-androideabi/4.9.x]
  ignore line: [Selected GCC installation: /home/marlin/groundsdk/out/groundsdk-android/armeabi-v7a/toolchain/bin/../lib/gcc/arm-linux-androideabi/4.9.x]
  ignore line: [Candidate multilib: thumb]
  ignore line: [@mthumb]
  ignore line: [Candidate multilib: armv7-a]
  ignore line: [@march=armv7-a]
  ignore line: [Candidate multilib: armv7-a/thumb]
  ignore line: [@march=armv7-a@mthumb]
  ignore line: [Candidate multilib: .]
  ignore line: []
  ignore line: [Selected multilib: armv7-a]
  ignore line: [@march=armv7-a]
  link line: [ "/home/marlin/groundsdk/out/groundsdk-android/armeabi-v7a/toolchain/bin/../lib/gcc/arm-linux-androideabi/4.9.x/../../../../arm-linux-androideabi/bin/ld" --sysroot=/home/marlin/groundsdk/out/groundsdk-android/armeabi-v7a/toolchain/bin/../sysroot -export-dynamic -X --eh-frame-hdr -m armelf_linux_eabi -export-dynamic -dynamic-linker /system/bin/linker -o cmTC_869b1 /home/marlin/groundsdk/out/groundsdk-android/armeabi-v7a/toolchain/bin/../sysroot/usr/lib/../lib/crtbegin_dynamic.o -L/home/marlin/groundsdk/out/groundsdk-android/armeabi-v7a/staging/lib/armv7a-none-linux-android -L/home/marlin/groundsdk/out/groundsdk-android/armeabi-v7a/staging/lib -L/home/marlin/groundsdk/out/groundsdk-android/armeabi-v7a/staging/usr/lib/armv7a-none-linux-android -L/home/marlin/groundsdk/out/groundsdk-android/armeabi-v7a/staging/usr/lib -L/home/marlin/groundsdk/out/groundsdk-android/armeabi-v7a/toolchain/lib64/clang/6.0.2/lib/linux/arm -L/home/marlin/groundsdk/out/groundsdk-android/armeabi-v7a/toolchain/bin/../lib/gcc/arm-linux-androideabi/4.9.x/armv7-a -L/home/marlin/groundsdk/out/groundsdk-android/armeabi-v7a/toolchain/bin/../lib/gcc/arm-linux-androideabi/4.9.x/../../../../arm-linux-androideabi/lib/../lib/armv7-a -L/home/marlin/groundsdk/out/groundsdk-android/armeabi-v7a/toolchain/bin/../sysroot/usr/lib/../lib -L/home/marlin/groundsdk/out/groundsdk-android/armeabi-v7a/toolchain/bin/../lib/gcc/arm-linux-androideabi/4.9.x/../../../../arm-linux-androideabi/lib/armv7-a -L/home/marlin/groundsdk/out/groundsdk-android/armeabi-v7a/toolchain/bin/../sysroot/usr/lib -lc++_shared -O1 -rpath-link=/home/marlin/groundsdk/out/groundsdk-android/armeabi-v7a/staging/lib/armv7a-none-linux-android -rpath-link=/home/marlin/groundsdk/out/groundsdk-android/armeabi-v7a/staging/lib -rpath-link=/home/marlin/groundsdk/out/groundsdk-android/armeabi-v7a/staging/usr/lib/armv7a-none-linux-android -rpath-link=/home/marlin/groundsdk/out/groundsdk-android/armeabi-v7a/staging/usr/lib CMakeFiles/cmTC_869b1.dir/CMakeCCompilerABI.c.o -lgcc -ldl -lc -lgcc -ldl /home/marlin/groundsdk/out/groundsdk-android/armeabi-v7a/toolchain/bin/../sysroot/usr/lib/../lib/crtend_android.o]
    arg [/home/marlin/groundsdk/out/groundsdk-android/armeabi-v7a/toolchain/bin/../lib/gcc/arm-linux-androideabi/4.9.x/../../../../arm-linux-androideabi/bin/ld] ==> ignore
    arg [--sysroot=/home/marlin/groundsdk/out/groundsdk-android/armeabi-v7a/toolchain/bin/../sysroot] ==> ignore
    arg [-export-dynamic] ==> ignore
    arg [-X] ==> ignore
    arg [--eh-frame-hdr] ==> ignore
    arg [-m] ==> ignore
    arg [armelf_linux_eabi] ==> ignore
    arg [-export-dynamic] ==> ignore
    arg [-dynamic-linker] ==> ignore
    arg [/system/bin/linker] ==> ignore
    arg [-o] ==> ignore
    arg [cmTC_869b1] ==> ignore
    arg [/home/marlin/groundsdk/out/groundsdk-android/armeabi-v7a/toolchain/bin/../sysroot/usr/lib/../lib/crtbegin_dynamic.o] ==> ignore
    arg [-L/home/marlin/groundsdk/out/groundsdk-android/armeabi-v7a/staging/lib/armv7a-none-linux-android] ==> dir [/home/marlin/groundsdk/out/groundsdk-android/armeabi-v7a/staging/lib/armv7a-none-linux-android]
    arg [-L/home/marlin/groundsdk/out/groundsdk-android/armeabi-v7a/staging/lib] ==> dir [/home/marlin/groundsdk/out/groundsdk-android/armeabi-v7a/staging/lib]
    arg [-L/home/marlin/groundsdk/out/groundsdk-android/armeabi-v7a/staging/usr/lib/armv7a-none-linux-android] ==> dir [/home/marlin/groundsdk/out/groundsdk-android/armeabi-v7a/staging/usr/lib/armv7a-none-linux-android]
    arg [-L/home/marlin/groundsdk/out/groundsdk-android/armeabi-v7a/staging/usr/lib] ==> dir [/home/marlin/groundsdk/out/groundsdk-android/armeabi-v7a/staging/usr/lib]
    arg [-L/home/marlin/groundsdk/out/groundsdk-android/armeabi-v7a/toolchain/lib64/clang/6.0.2/lib/linux/arm] ==> dir [/home/marlin/groundsdk/out/groundsdk-android/armeabi-v7a/toolchain/lib64/clang/6.0.2/lib/linux/arm]
    arg [-L/home/marlin/groundsdk/out/groundsdk-android/armeabi-v7a/toolchain/bin/../lib/gcc/arm-linux-androideabi/4.9.x/armv7-a] ==> dir [/home/marlin/groundsdk/out/groundsdk-android/armeabi-v7a/toolchain/bin/../lib/gcc/arm-linux-androideabi/4.9.x/armv7-a]
    arg [-L/home/marlin/groundsdk/out/groundsdk-android/armeabi-v7a/toolchain/bin/../lib/gcc/arm-linux-androideabi/4.9.x/../../../../arm-linux-androideabi/lib/../lib/armv7-a] ==> dir [/home/marlin/groundsdk/out/groundsdk-android/armeabi-v7a/toolchain/bin/../lib/gcc/arm-linux-androideabi/4.9.x/../../../../arm-linux-androideabi/lib/../lib/armv7-a]
    arg [-L/home/marlin/groundsdk/out/groundsdk-android/armeabi-v7a/toolchain/bin/../sysroot/usr/lib/../lib] ==> dir [/home/marlin/groundsdk/out/groundsdk-android/armeabi-v7a/toolchain/bin/../sysroot/usr/lib/../lib]
    arg [-L/home/marlin/groundsdk/out/groundsdk-android/armeabi-v7a/toolchain/bin/../lib/gcc/arm-linux-androideabi/4.9.x/../../../../arm-linux-androideabi/lib/armv7-a] ==> dir [/home/marlin/groundsdk/out/groundsdk-android/armeabi-v7a/toolchain/bin/../lib/gcc/arm-linux-androideabi/4.9.x/../../../../arm-linux-androideabi/lib/armv7-a]
    arg [-L/home/marlin/groundsdk/out/groundsdk-android/armeabi-v7a/toolchain/bin/../sysroot/usr/lib] ==> dir [/home/marlin/groundsdk/out/groundsdk-android/armeabi-v7a/toolchain/bin/../sysroot/usr/lib]
    arg [-lc++_shared] ==> lib [c++_shared]
    arg [-O1] ==> ignore
    arg [-rpath-link=/home/marlin/groundsdk/out/groundsdk-android/armeabi-v7a/staging/lib/armv7a-none-linux-android] ==> ignore
    arg [-rpath-link=/home/marlin/groundsdk/out/groundsdk-android/armeabi-v7a/staging/lib] ==> ignore
    arg [-rpath-link=/home/marlin/groundsdk/out/groundsdk-android/armeabi-v7a/staging/usr/lib/armv7a-none-linux-android] ==> ignore
    arg [-rpath-link=/home/marlin/groundsdk/out/groundsdk-android/armeabi-v7a/staging/usr/lib] ==> ignore
    arg [CMakeFiles/cmTC_869b1.dir/CMakeCCompilerABI.c.o] ==> ignore
    arg [-lgcc] ==> lib [gcc]
    arg [-ldl] ==> lib [dl]
    arg [-lc] ==> lib [c]
    arg [-lgcc] ==> lib [gcc]
    arg [-ldl] ==> lib [dl]
    arg [/home/marlin/groundsdk/out/groundsdk-android/armeabi-v7a/toolchain/bin/../sysroot/usr/lib/../lib/crtend_android.o] ==> ignore
  collapse library dir [/home/marlin/groundsdk/out/groundsdk-android/armeabi-v7a/staging/lib/armv7a-none-linux-android] ==> [/home/marlin/groundsdk/out/groundsdk-android/armeabi-v7a/staging/lib/armv7a-none-linux-android]
  collapse library dir [/home/marlin/groundsdk/out/groundsdk-android/armeabi-v7a/staging/lib] ==> [/home/marlin/groundsdk/out/groundsdk-android/armeabi-v7a/staging/lib]
  collapse library dir [/home/marlin/groundsdk/out/groundsdk-android/armeabi-v7a/staging/usr/lib/armv7a-none-linux-android] ==> [/home/marlin/groundsdk/out/groundsdk-android/armeabi-v7a/staging/usr/lib/armv7a-none-linux-android]
  collapse library dir [/home/marlin/groundsdk/out/groundsdk-android/armeabi-v7a/staging/usr/lib] ==> [/home/marlin/groundsdk/out/groundsdk-android/armeabi-v7a/staging/usr/lib]
  collapse library dir [/home/marlin/groundsdk/out/groundsdk-android/armeabi-v7a/toolchain/lib64/clang/6.0.2/lib/linux/arm] ==> [/home/marlin/groundsdk/out/groundsdk-android/armeabi-v7a/toolchain/lib64/clang/6.0.2/lib/linux/arm]
  collapse library dir [/home/marlin/groundsdk/out/groundsdk-android/armeabi-v7a/toolchain/bin/../lib/gcc/arm-linux-androideabi/4.9.x/armv7-a] ==> [/home/marlin/groundsdk/out/groundsdk-android/armeabi-v7a/toolchain/lib/gcc/arm-linux-androideabi/4.9.x/armv7-a]
  collapse library dir [/home/marlin/groundsdk/out/groundsdk-android/armeabi-v7a/toolchain/bin/../lib/gcc/arm-linux-androideabi/4.9.x/../../../../arm-linux-androideabi/lib/../lib/armv7-a] ==> [/home/marlin/groundsdk/out/groundsdk-android/armeabi-v7a/toolchain/arm-linux-androideabi/lib/armv7-a]
  collapse library dir [/home/marlin/groundsdk/out/groundsdk-android/armeabi-v7a/toolchain/bin/../sysroot/usr/lib/../lib] ==> [/home/marlin/groundsdk/out/groundsdk-android/armeabi-v7a/toolchain/sysroot/usr/lib]
  collapse library dir [/home/marlin/groundsdk/out/groundsdk-android/armeabi-v7a/toolchain/bin/../lib/gcc/arm-linux-androideabi/4.9.x/../../../../arm-linux-androideabi/lib/armv7-a] ==> [/home/marlin/groundsdk/out/groundsdk-android/armeabi-v7a/toolchain/arm-linux-androideabi/lib/armv7-a]
  collapse library dir [/home/marlin/groundsdk/out/groundsdk-android/armeabi-v7a/toolchain/bin/../sysroot/usr/lib] ==> [/home/marlin/groundsdk/out/groundsdk-android/armeabi-v7a/toolchain/sysroot/usr/lib]
  implicit libs: [c++_shared;gcc;dl;c;gcc;dl]
  implicit dirs: [/home/marlin/groundsdk/out/groundsdk-android/armeabi-v7a/staging/lib/armv7a-none-linux-android;/home/marlin/groundsdk/out/groundsdk-android/armeabi-v7a/staging/lib;/home/marlin/groundsdk/out/groundsdk-android/armeabi-v7a/staging/usr/lib/armv7a-none-linux-android;/home/marlin/groundsdk/out/groundsdk-android/armeabi-v7a/staging/usr/lib;/home/marlin/groundsdk/out/groundsdk-android/armeabi-v7a/toolchain/lib64/clang/6.0.2/lib/linux/arm;/home/marlin/groundsdk/out/groundsdk-android/armeabi-v7a/toolchain/lib/gcc/arm-linux-androideabi/4.9.x/armv7-a;/home/marlin/groundsdk/out/groundsdk-android/armeabi-v7a/toolchain/arm-linux-androideabi/lib/armv7-a;/home/marlin/groundsdk/out/groundsdk-android/armeabi-v7a/toolchain/sysroot/usr/lib]
  implicit fwks: []




Detecting C [-std=c11] compiler features compiled with the following output:
Change Dir: /home/marlin/groundsdk/out/groundsdk-android/armeabi-v7a/build/liblz4/obj/CMakeFiles/CMakeTmp

Run Build Command:"/usr/bin/make" "cmTC_26a5a/fast"
make[1]: Entering directory '/home/marlin/groundsdk/out/groundsdk-android/armeabi-v7a/build/liblz4/obj/CMakeFiles/CMakeTmp'
/usr/bin/make -f CMakeFiles/cmTC_26a5a.dir/build.make CMakeFiles/cmTC_26a5a.dir/build
make[2]: Entering directory '/home/marlin/groundsdk/out/groundsdk-android/armeabi-v7a/build/liblz4/obj/CMakeFiles/CMakeTmp'
Building C object CMakeFiles/cmTC_26a5a.dir/feature_tests.c.o
/home/marlin/groundsdk/out/groundsdk-android/armeabi-v7a/toolchain/bin/arm-linux-androideabi-clang   -isystem/home/marlin/groundsdk/out/groundsdk-android/armeabi-v7a/staging/usr/include/armv7a-none-linux-android -isystem/home/marlin/groundsdk/out/groundsdk-android/armeabi-v7a/staging/usr/include -std=gnu99 -pipe -O2 -g -ffunction-sections -DALCHEMY_BUILD  -march=armv7-a -mfpu=vfpv3-d16 -mfloat-abi=soft -fPIC -DANDROID -DANDROID_NDK  -Qunused-arguments  -marm -O2 -fstrict-aliasing    -std=c11 -o CMakeFiles/cmTC_26a5a.dir/feature_tests.c.o   -c /home/marlin/groundsdk/out/groundsdk-android/armeabi-v7a/build/liblz4/obj/CMakeFiles/feature_tests.c
Linking C executable cmTC_26a5a
/usr/bin/cmake -E cmake_link_script CMakeFiles/cmTC_26a5a.dir/link.txt --verbose=1
/home/marlin/groundsdk/out/groundsdk-android/armeabi-v7a/toolchain/bin/arm-linux-androideabi-clang -isystem/home/marlin/groundsdk/out/groundsdk-android/armeabi-v7a/staging/usr/include/armv7a-none-linux-android -isystem/home/marlin/groundsdk/out/groundsdk-android/armeabi-v7a/staging/usr/include -std=gnu99 -pipe -O2 -g -ffunction-sections -DALCHEMY_BUILD  -march=armv7-a -mfpu=vfpv3-d16 -mfloat-abi=soft -fPIC -DANDROID -DANDROID_NDK  -Qunused-arguments  -marm -O2 -fstrict-aliasing    -O2  -march=armv7-a -mfpu=vfpv3-d16 -mfloat-abi=soft -lc++_shared -Wl,-O1  -L/home/marlin/groundsdk/out/groundsdk-android/armeabi-v7a/staging/lib/armv7a-none-linux-android -L/home/marlin/groundsdk/out/groundsdk-android/armeabi-v7a/staging/lib -L/home/marlin/groundsdk/out/groundsdk-android/armeabi-v7a/staging/usr/lib/armv7a-none-linux-android -L/home/marlin/groundsdk/out/groundsdk-android/armeabi-v7a/staging/usr/lib -Wl,-rpath-link=/home/marlin/groundsdk/out/groundsdk-android/armeabi-v7a/staging/lib/armv7a-none-linux-android -Wl,-rpath-link=/home/marlin/groundsdk/out/groundsdk-android/armeabi-v7a/staging/lib -Wl,-rpath-link=/home/marlin/groundsdk/out/groundsdk-android/armeabi-v7a/staging/usr/lib/armv7a-none-linux-android -Wl,-rpath-link=/home/marlin/groundsdk/out/groundsdk-android/armeabi-v7a/staging/usr/lib    -rdynamic CMakeFiles/cmTC_26a5a.dir/feature_tests.c.o  -o cmTC_26a5a 
make[2]: Leaving directory '/home/marlin/groundsdk/out/groundsdk-android/armeabi-v7a/build/liblz4/obj/CMakeFiles/CMakeTmp'
make[1]: Leaving directory '/home/marlin/groundsdk/out/groundsdk-android/armeabi-v7a/build/liblz4/obj/CMakeFiles/CMakeTmp'


    Feature record: C_FEATURE:1c_function_prototypes
    Feature record: C_FEATURE:1c_restrict
    Feature record: C_FEATURE:1c_static_assert
    Feature record: C_FEATURE:1c_variadic_macros


Detecting C [-std=c99] compiler features compiled with the following output:
Change Dir: /home/marlin/groundsdk/out/groundsdk-android/armeabi-v7a/build/liblz4/obj/CMakeFiles/CMakeTmp

Run Build Command:"/usr/bin/make" "cmTC_80c15/fast"
make[1]: Entering directory '/home/marlin/groundsdk/out/groundsdk-android/armeabi-v7a/build/liblz4/obj/CMakeFiles/CMakeTmp'
/usr/bin/make -f CMakeFiles/cmTC_80c15.dir/build.make CMakeFiles/cmTC_80c15.dir/build
make[2]: Entering directory '/home/marlin/groundsdk/out/groundsdk-android/armeabi-v7a/build/liblz4/obj/CMakeFiles/CMakeTmp'
Building C object CMakeFiles/cmTC_80c15.dir/feature_tests.c.o
/home/marlin/groundsdk/out/groundsdk-android/armeabi-v7a/toolchain/bin/arm-linux-androideabi-clang   -isystem/home/marlin/groundsdk/out/groundsdk-android/armeabi-v7a/staging/usr/include/armv7a-none-linux-android -isystem/home/marlin/groundsdk/out/groundsdk-android/armeabi-v7a/staging/usr/include -std=gnu99 -pipe -O2 -g -ffunction-sections -DALCHEMY_BUILD  -march=armv7-a -mfpu=vfpv3-d16 -mfloat-abi=soft -fPIC -DANDROID -DANDROID_NDK  -Qunused-arguments  -marm -O2 -fstrict-aliasing    -std=c99 -o CMakeFiles/cmTC_80c15.dir/feature_tests.c.o   -c /home/marlin/groundsdk/out/groundsdk-android/armeabi-v7a/build/liblz4/obj/CMakeFiles/feature_tests.c
Linking C executable cmTC_80c15
/usr/bin/cmake -E cmake_link_script CMakeFiles/cmTC_80c15.dir/link.txt --verbose=1
/home/marlin/groundsdk/out/groundsdk-android/armeabi-v7a/toolchain/bin/arm-linux-androideabi-clang -isystem/home/marlin/groundsdk/out/groundsdk-android/armeabi-v7a/staging/usr/include/armv7a-none-linux-android -isystem/home/marlin/groundsdk/out/groundsdk-android/armeabi-v7a/staging/usr/include -std=gnu99 -pipe -O2 -g -ffunction-sections -DALCHEMY_BUILD  -march=armv7-a -mfpu=vfpv3-d16 -mfloat-abi=soft -fPIC -DANDROID -DANDROID_NDK  -Qunused-arguments  -marm -O2 -fstrict-aliasing    -O2  -march=armv7-a -mfpu=vfpv3-d16 -mfloat-abi=soft -lc++_shared -Wl,-O1  -L/home/marlin/groundsdk/out/groundsdk-android/armeabi-v7a/staging/lib/armv7a-none-linux-android -L/home/marlin/groundsdk/out/groundsdk-android/armeabi-v7a/staging/lib -L/home/marlin/groundsdk/out/groundsdk-android/armeabi-v7a/staging/usr/lib/armv7a-none-linux-android -L/home/marlin/groundsdk/out/groundsdk-android/armeabi-v7a/staging/usr/lib -Wl,-rpath-link=/home/marlin/groundsdk/out/groundsdk-android/armeabi-v7a/staging/lib/armv7a-none-linux-android -Wl,-rpath-link=/home/marlin/groundsdk/out/groundsdk-android/armeabi-v7a/staging/lib -Wl,-rpath-link=/home/marlin/groundsdk/out/groundsdk-android/armeabi-v7a/staging/usr/lib/armv7a-none-linux-android -Wl,-rpath-link=/home/marlin/groundsdk/out/groundsdk-android/armeabi-v7a/staging/usr/lib    -rdynamic CMakeFiles/cmTC_80c15.dir/feature_tests.c.o  -o cmTC_80c15 
make[2]: Leaving directory '/home/marlin/groundsdk/out/groundsdk-android/armeabi-v7a/build/liblz4/obj/CMakeFiles/CMakeTmp'
make[1]: Leaving directory '/home/marlin/groundsdk/out/groundsdk-android/armeabi-v7a/build/liblz4/obj/CMakeFiles/CMakeTmp'


    Feature record: C_FEATURE:1c_function_prototypes
    Feature record: C_FEATURE:1c_restrict
    Feature record: C_FEATURE:0c_static_assert
    Feature record: C_FEATURE:1c_variadic_macros


Detecting C [-std=c90] compiler features compiled with the following output:
Change Dir: /home/marlin/groundsdk/out/groundsdk-android/armeabi-v7a/build/liblz4/obj/CMakeFiles/CMakeTmp

Run Build Command:"/usr/bin/make" "cmTC_fdccc/fast"
make[1]: Entering directory '/home/marlin/groundsdk/out/groundsdk-android/armeabi-v7a/build/liblz4/obj/CMakeFiles/CMakeTmp'
/usr/bin/make -f CMakeFiles/cmTC_fdccc.dir/build.make CMakeFiles/cmTC_fdccc.dir/build
make[2]: Entering directory '/home/marlin/groundsdk/out/groundsdk-android/armeabi-v7a/build/liblz4/obj/CMakeFiles/CMakeTmp'
Building C object CMakeFiles/cmTC_fdccc.dir/feature_tests.c.o
/home/marlin/groundsdk/out/groundsdk-android/armeabi-v7a/toolchain/bin/arm-linux-androideabi-clang   -isystem/home/marlin/groundsdk/out/groundsdk-android/armeabi-v7a/staging/usr/include/armv7a-none-linux-android -isystem/home/marlin/groundsdk/out/groundsdk-android/armeabi-v7a/staging/usr/include -std=gnu99 -pipe -O2 -g -ffunction-sections -DALCHEMY_BUILD  -march=armv7-a -mfpu=vfpv3-d16 -mfloat-abi=soft -fPIC -DANDROID -DANDROID_NDK  -Qunused-arguments  -marm -O2 -fstrict-aliasing    -std=c90 -o CMakeFiles/cmTC_fdccc.dir/feature_tests.c.o   -c /home/marlin/groundsdk/out/groundsdk-android/armeabi-v7a/build/liblz4/obj/CMakeFiles/feature_tests.c
Linking C executable cmTC_fdccc
/usr/bin/cmake -E cmake_link_script CMakeFiles/cmTC_fdccc.dir/link.txt --verbose=1
/home/marlin/groundsdk/out/groundsdk-android/armeabi-v7a/toolchain/bin/arm-linux-androideabi-clang -isystem/home/marlin/groundsdk/out/groundsdk-android/armeabi-v7a/staging/usr/include/armv7a-none-linux-android -isystem/home/marlin/groundsdk/out/groundsdk-android/armeabi-v7a/staging/usr/include -std=gnu99 -pipe -O2 -g -ffunction-sections -DALCHEMY_BUILD  -march=armv7-a -mfpu=vfpv3-d16 -mfloat-abi=soft -fPIC -DANDROID -DANDROID_NDK  -Qunused-arguments  -marm -O2 -fstrict-aliasing    -O2  -march=armv7-a -mfpu=vfpv3-d16 -mfloat-abi=soft -lc++_shared -Wl,-O1  -L/home/marlin/groundsdk/out/groundsdk-android/armeabi-v7a/staging/lib/armv7a-none-linux-android -L/home/marlin/groundsdk/out/groundsdk-android/armeabi-v7a/staging/lib -L/home/marlin/groundsdk/out/groundsdk-android/armeabi-v7a/staging/usr/lib/armv7a-none-linux-android -L/home/marlin/groundsdk/out/groundsdk-android/armeabi-v7a/staging/usr/lib -Wl,-rpath-link=/home/marlin/groundsdk/out/groundsdk-android/armeabi-v7a/staging/lib/armv7a-none-linux-android -Wl,-rpath-link=/home/marlin/groundsdk/out/groundsdk-android/armeabi-v7a/staging/lib -Wl,-rpath-link=/home/marlin/groundsdk/out/groundsdk-android/armeabi-v7a/staging/usr/lib/armv7a-none-linux-android -Wl,-rpath-link=/home/marlin/groundsdk/out/groundsdk-android/armeabi-v7a/staging/usr/lib    -rdynamic CMakeFiles/cmTC_fdccc.dir/feature_tests.c.o  -o cmTC_fdccc 
make[2]: Leaving directory '/home/marlin/groundsdk/out/groundsdk-android/armeabi-v7a/build/liblz4/obj/CMakeFiles/CMakeTmp'
make[1]: Leaving directory '/home/marlin/groundsdk/out/groundsdk-android/armeabi-v7a/build/liblz4/obj/CMakeFiles/CMakeTmp'


    Feature record: C_FEATURE:1c_function_prototypes
    Feature record: C_FEATURE:0c_restrict
    Feature record: C_FEATURE:0c_static_assert
    Feature record: C_FEATURE:0c_variadic_macros
Determining if the include file sys/types.h exists passed with the following output:
Change Dir: /home/marlin/groundsdk/out/groundsdk-android/armeabi-v7a/build/liblz4/obj/CMakeFiles/CMakeTmp

Run Build Command:"/usr/bin/make" "cmTC_95b31/fast"
make[1]: Entering directory '/home/marlin/groundsdk/out/groundsdk-android/armeabi-v7a/build/liblz4/obj/CMakeFiles/CMakeTmp'
/usr/bin/make -f CMakeFiles/cmTC_95b31.dir/build.make CMakeFiles/cmTC_95b31.dir/build
make[2]: Entering directory '/home/marlin/groundsdk/out/groundsdk-android/armeabi-v7a/build/liblz4/obj/CMakeFiles/CMakeTmp'
Building C object CMakeFiles/cmTC_95b31.dir/CheckIncludeFile.c.o
/home/marlin/groundsdk/out/groundsdk-android/armeabi-v7a/toolchain/bin/arm-linux-androideabi-clang   -isystem/home/marlin/groundsdk/out/groundsdk-android/armeabi-v7a/staging/usr/include/armv7a-none-linux-android -isystem/home/marlin/groundsdk/out/groundsdk-android/armeabi-v7a/staging/usr/include -std=gnu99 -pipe -O2 -g -ffunction-sections -DALCHEMY_BUILD  -march=armv7-a -mfpu=vfpv3-d16 -mfloat-abi=soft -fPIC -DANDROID -DANDROID_NDK  -Qunused-arguments  -marm -O2 -fstrict-aliasing    -o CMakeFiles/cmTC_95b31.dir/CheckIncludeFile.c.o   -c /home/marlin/groundsdk/out/groundsdk-android/armeabi-v7a/build/liblz4/obj/CMakeFiles/CMakeTmp/CheckIncludeFile.c
Linking C executable cmTC_95b31
/usr/bin/cmake -E cmake_link_script CMakeFiles/cmTC_95b31.dir/link.txt --verbose=1
/home/marlin/groundsdk/out/groundsdk-android/armeabi-v7a/toolchain/bin/arm-linux-androideabi-clang -isystem/home/marlin/groundsdk/out/groundsdk-android/armeabi-v7a/staging/usr/include/armv7a-none-linux-android -isystem/home/marlin/groundsdk/out/groundsdk-android/armeabi-v7a/staging/usr/include -std=gnu99 -pipe -O2 -g -ffunction-sections -DALCHEMY_BUILD  -march=armv7-a -mfpu=vfpv3-d16 -mfloat-abi=soft -fPIC -DANDROID -DANDROID_NDK  -Qunused-arguments  -marm -O2 -fstrict-aliasing    -O2  -march=armv7-a -mfpu=vfpv3-d16 -mfloat-abi=soft -lc++_shared -Wl,-O1  -L/home/marlin/groundsdk/out/groundsdk-android/armeabi-v7a/staging/lib/armv7a-none-linux-android -L/home/marlin/groundsdk/out/groundsdk-android/armeabi-v7a/staging/lib -L/home/marlin/groundsdk/out/groundsdk-android/armeabi-v7a/staging/usr/lib/armv7a-none-linux-android -L/home/marlin/groundsdk/out/groundsdk-android/armeabi-v7a/staging/usr/lib -Wl,-rpath-link=/home/marlin/groundsdk/out/groundsdk-android/armeabi-v7a/staging/lib/armv7a-none-linux-android -Wl,-rpath-link=/home/marlin/groundsdk/out/groundsdk-android/armeabi-v7a/staging/lib -Wl,-rpath-link=/home/marlin/groundsdk/out/groundsdk-android/armeabi-v7a/staging/usr/lib/armv7a-none-linux-android -Wl,-rpath-link=/home/marlin/groundsdk/out/groundsdk-android/armeabi-v7a/staging/usr/lib    -rdynamic CMakeFiles/cmTC_95b31.dir/CheckIncludeFile.c.o  -o cmTC_95b31 
make[2]: Leaving directory '/home/marlin/groundsdk/out/groundsdk-android/armeabi-v7a/build/liblz4/obj/CMakeFiles/CMakeTmp'
make[1]: Leaving directory '/home/marlin/groundsdk/out/groundsdk-android/armeabi-v7a/build/liblz4/obj/CMakeFiles/CMakeTmp'


Determining if the include file stdint.h exists passed with the following output:
Change Dir: /home/marlin/groundsdk/out/groundsdk-android/armeabi-v7a/build/liblz4/obj/CMakeFiles/CMakeTmp

Run Build Command:"/usr/bin/make" "cmTC_5f2bd/fast"
make[1]: Entering directory '/home/marlin/groundsdk/out/groundsdk-android/armeabi-v7a/build/liblz4/obj/CMakeFiles/CMakeTmp'
/usr/bin/make -f CMakeFiles/cmTC_5f2bd.dir/build.make CMakeFiles/cmTC_5f2bd.dir/build
make[2]: Entering directory '/home/marlin/groundsdk/out/groundsdk-android/armeabi-v7a/build/liblz4/obj/CMakeFiles/CMakeTmp'
Building C object CMakeFiles/cmTC_5f2bd.dir/CheckIncludeFile.c.o
/home/marlin/groundsdk/out/groundsdk-android/armeabi-v7a/toolchain/bin/arm-linux-androideabi-clang   -isystem/home/marlin/groundsdk/out/groundsdk-android/armeabi-v7a/staging/usr/include/armv7a-none-linux-android -isystem/home/marlin/groundsdk/out/groundsdk-android/armeabi-v7a/staging/usr/include -std=gnu99 -pipe -O2 -g -ffunction-sections -DALCHEMY_BUILD  -march=armv7-a -mfpu=vfpv3-d16 -mfloat-abi=soft -fPIC -DANDROID -DANDROID_NDK  -Qunused-arguments  -marm -O2 -fstrict-aliasing    -o CMakeFiles/cmTC_5f2bd.dir/CheckIncludeFile.c.o   -c /home/marlin/groundsdk/out/groundsdk-android/armeabi-v7a/build/liblz4/obj/CMakeFiles/CMakeTmp/CheckIncludeFile.c
Linking C executable cmTC_5f2bd
/usr/bin/cmake -E cmake_link_script CMakeFiles/cmTC_5f2bd.dir/link.txt --verbose=1
/home/marlin/groundsdk/out/groundsdk-android/armeabi-v7a/toolchain/bin/arm-linux-androideabi-clang -isystem/home/marlin/groundsdk/out/groundsdk-android/armeabi-v7a/staging/usr/include/armv7a-none-linux-android -isystem/home/marlin/groundsdk/out/groundsdk-android/armeabi-v7a/staging/usr/include -std=gnu99 -pipe -O2 -g -ffunction-sections -DALCHEMY_BUILD  -march=armv7-a -mfpu=vfpv3-d16 -mfloat-abi=soft -fPIC -DANDROID -DANDROID_NDK  -Qunused-arguments  -marm -O2 -fstrict-aliasing    -O2  -march=armv7-a -mfpu=vfpv3-d16 -mfloat-abi=soft -lc++_shared -Wl,-O1  -L/home/marlin/groundsdk/out/groundsdk-android/armeabi-v7a/staging/lib/armv7a-none-linux-android -L/home/marlin/groundsdk/out/groundsdk-android/armeabi-v7a/staging/lib -L/home/marlin/groundsdk/out/groundsdk-android/armeabi-v7a/staging/usr/lib/armv7a-none-linux-android -L/home/marlin/groundsdk/out/groundsdk-android/armeabi-v7a/staging/usr/lib -Wl,-rpath-link=/home/marlin/groundsdk/out/groundsdk-android/armeabi-v7a/staging/lib/armv7a-none-linux-android -Wl,-rpath-link=/home/marlin/groundsdk/out/groundsdk-android/armeabi-v7a/staging/lib -Wl,-rpath-link=/home/marlin/groundsdk/out/groundsdk-android/armeabi-v7a/staging/usr/lib/armv7a-none-linux-android -Wl,-rpath-link=/home/marlin/groundsdk/out/groundsdk-android/armeabi-v7a/staging/usr/lib    -rdynamic CMakeFiles/cmTC_5f2bd.dir/CheckIncludeFile.c.o  -o cmTC_5f2bd 
make[2]: Leaving directory '/home/marlin/groundsdk/out/groundsdk-android/armeabi-v7a/build/liblz4/obj/CMakeFiles/CMakeTmp'
make[1]: Leaving directory '/home/marlin/groundsdk/out/groundsdk-android/armeabi-v7a/build/liblz4/obj/CMakeFiles/CMakeTmp'


Determining if the include file stddef.h exists passed with the following output:
Change Dir: /home/marlin/groundsdk/out/groundsdk-android/armeabi-v7a/build/liblz4/obj/CMakeFiles/CMakeTmp

Run Build Command:"/usr/bin/make" "cmTC_e61c1/fast"
make[1]: Entering directory '/home/marlin/groundsdk/out/groundsdk-android/armeabi-v7a/build/liblz4/obj/CMakeFiles/CMakeTmp'
/usr/bin/make -f CMakeFiles/cmTC_e61c1.dir/build.make CMakeFiles/cmTC_e61c1.dir/build
make[2]: Entering directory '/home/marlin/groundsdk/out/groundsdk-android/armeabi-v7a/build/liblz4/obj/CMakeFiles/CMakeTmp'
Building C object CMakeFiles/cmTC_e61c1.dir/CheckIncludeFile.c.o
/home/marlin/groundsdk/out/groundsdk-android/armeabi-v7a/toolchain/bin/arm-linux-androideabi-clang   -isystem/home/marlin/groundsdk/out/groundsdk-android/armeabi-v7a/staging/usr/include/armv7a-none-linux-android -isystem/home/marlin/groundsdk/out/groundsdk-android/armeabi-v7a/staging/usr/include -std=gnu99 -pipe -O2 -g -ffunction-sections -DALCHEMY_BUILD  -march=armv7-a -mfpu=vfpv3-d16 -mfloat-abi=soft -fPIC -DANDROID -DANDROID_NDK  -Qunused-arguments  -marm -O2 -fstrict-aliasing    -o CMakeFiles/cmTC_e61c1.dir/CheckIncludeFile.c.o   -c /home/marlin/groundsdk/out/groundsdk-android/armeabi-v7a/build/liblz4/obj/CMakeFiles/CMakeTmp/CheckIncludeFile.c
Linking C executable cmTC_e61c1
/usr/bin/cmake -E cmake_link_script CMakeFiles/cmTC_e61c1.dir/link.txt --verbose=1
/home/marlin/groundsdk/out/groundsdk-android/armeabi-v7a/toolchain/bin/arm-linux-androideabi-clang -isystem/home/marlin/groundsdk/out/groundsdk-android/armeabi-v7a/staging/usr/include/armv7a-none-linux-android -isystem/home/marlin/groundsdk/out/groundsdk-android/armeabi-v7a/staging/usr/include -std=gnu99 -pipe -O2 -g -ffunction-sections -DALCHEMY_BUILD  -march=armv7-a -mfpu=vfpv3-d16 -mfloat-abi=soft -fPIC -DANDROID -DANDROID_NDK  -Qunused-arguments  -marm -O2 -fstrict-aliasing    -O2  -march=armv7-a -mfpu=vfpv3-d16 -mfloat-abi=soft -lc++_shared -Wl,-O1  -L/home/marlin/groundsdk/out/groundsdk-android/armeabi-v7a/staging/lib/armv7a-none-linux-android -L/home/marlin/groundsdk/out/groundsdk-android/armeabi-v7a/staging/lib -L/home/marlin/groundsdk/out/groundsdk-android/armeabi-v7a/staging/usr/lib/armv7a-none-linux-android -L/home/marlin/groundsdk/out/groundsdk-android/armeabi-v7a/staging/usr/lib -Wl,-rpath-link=/home/marlin/groundsdk/out/groundsdk-android/armeabi-v7a/staging/lib/armv7a-none-linux-android -Wl,-rpath-link=/home/marlin/groundsdk/out/groundsdk-android/armeabi-v7a/staging/lib -Wl,-rpath-link=/home/marlin/groundsdk/out/groundsdk-android/armeabi-v7a/staging/usr/lib/armv7a-none-linux-android -Wl,-rpath-link=/home/marlin/groundsdk/out/groundsdk-android/armeabi-v7a/staging/usr/lib    -rdynamic CMakeFiles/cmTC_e61c1.dir/CheckIncludeFile.c.o  -o cmTC_e61c1 
make[2]: Leaving directory '/home/marlin/groundsdk/out/groundsdk-android/armeabi-v7a/build/liblz4/obj/CMakeFiles/CMakeTmp'
make[1]: Leaving directory '/home/marlin/groundsdk/out/groundsdk-android/armeabi-v7a/build/liblz4/obj/CMakeFiles/CMakeTmp'


Determining size of void * passed with the following output:
Change Dir: /home/marlin/groundsdk/out/groundsdk-android/armeabi-v7a/build/liblz4/obj/CMakeFiles/CMakeTmp

Run Build Command:"/usr/bin/make" "cmTC_314aa/fast"
make[1]: Entering directory '/home/marlin/groundsdk/out/groundsdk-android/armeabi-v7a/build/liblz4/obj/CMakeFiles/CMakeTmp'
/usr/bin/make -f CMakeFiles/cmTC_314aa.dir/build.make CMakeFiles/cmTC_314aa.dir/build
make[2]: Entering directory '/home/marlin/groundsdk/out/groundsdk-android/armeabi-v7a/build/liblz4/obj/CMakeFiles/CMakeTmp'
Building C object CMakeFiles/cmTC_314aa.dir/SIZEOF_VOID_P.c.o
/home/marlin/groundsdk/out/groundsdk-android/armeabi-v7a/toolchain/bin/arm-linux-androideabi-clang   -isystem/home/marlin/groundsdk/out/groundsdk-android/armeabi-v7a/staging/usr/include/armv7a-none-linux-android -isystem/home/marlin/groundsdk/out/groundsdk-android/armeabi-v7a/staging/usr/include -std=gnu99 -pipe -O2 -g -ffunction-sections -DALCHEMY_BUILD  -march=armv7-a -mfpu=vfpv3-d16 -mfloat-abi=soft -fPIC -DANDROID -DANDROID_NDK  -Qunused-arguments  -marm -O2 -fstrict-aliasing    -o CMakeFiles/cmTC_314aa.dir/SIZEOF_VOID_P.c.o   -c /home/marlin/groundsdk/out/groundsdk-android/armeabi-v7a/build/liblz4/obj/CMakeFiles/CheckTypeSize/SIZEOF_VOID_P.c
Linking C executable cmTC_314aa
/usr/bin/cmake -E cmake_link_script CMakeFiles/cmTC_314aa.dir/link.txt --verbose=1
/home/marlin/groundsdk/out/groundsdk-android/armeabi-v7a/toolchain/bin/arm-linux-androideabi-clang -isystem/home/marlin/groundsdk/out/groundsdk-android/armeabi-v7a/staging/usr/include/armv7a-none-linux-android -isystem/home/marlin/groundsdk/out/groundsdk-android/armeabi-v7a/staging/usr/include -std=gnu99 -pipe -O2 -g -ffunction-sections -DALCHEMY_BUILD  -march=armv7-a -mfpu=vfpv3-d16 -mfloat-abi=soft -fPIC -DANDROID -DANDROID_NDK  -Qunused-arguments  -marm -O2 -fstrict-aliasing    -O2  -march=armv7-a -mfpu=vfpv3-d16 -mfloat-abi=soft -lc++_shared -Wl,-O1  -L/home/marlin/groundsdk/out/groundsdk-android/armeabi-v7a/staging/lib/armv7a-none-linux-android -L/home/marlin/groundsdk/out/groundsdk-android/armeabi-v7a/staging/lib -L/home/marlin/groundsdk/out/groundsdk-android/armeabi-v7a/staging/usr/lib/armv7a-none-linux-android -L/home/marlin/groundsdk/out/groundsdk-android/armeabi-v7a/staging/usr/lib -Wl,-rpath-link=/home/marlin/groundsdk/out/groundsdk-android/armeabi-v7a/staging/lib/armv7a-none-linux-android -Wl,-rpath-link=/home/marlin/groundsdk/out/groundsdk-android/armeabi-v7a/staging/lib -Wl,-rpath-link=/home/marlin/groundsdk/out/groundsdk-android/armeabi-v7a/staging/usr/lib/armv7a-none-linux-android -Wl,-rpath-link=/home/marlin/groundsdk/out/groundsdk-android/armeabi-v7a/staging/usr/lib    -rdynamic CMakeFiles/cmTC_314aa.dir/SIZEOF_VOID_P.c.o  -o cmTC_314aa 
make[2]: Leaving directory '/home/marlin/groundsdk/out/groundsdk-android/armeabi-v7a/build/liblz4/obj/CMakeFiles/CMakeTmp'
make[1]: Leaving directory '/home/marlin/groundsdk/out/groundsdk-android/armeabi-v7a/build/liblz4/obj/CMakeFiles/CMakeTmp'


